PRT1
405
1186
4 0 3 (3072 2048 -512 ) (3072 2048 1536 ) (2048 2048 1536 ) (2048 2048 -512 ) 
4 0 1 (2048 2048 -512 ) (2048 2048 1536 ) (2048 2560 1536 ) (2048 2560 -512 ) 
4 1 8 (2048 2048 -512 ) (2048 2048 -48 ) (1024 2048 -48 ) (1024 2048 -512 ) 
4 1 6 (2048 2048 -48 ) (2048 2048 -32 ) (1024 2048 -32 ) (1024 2048 -48 ) 
4 1 5 (2048 2048 -32 ) (2048 2048 1536 ) (1024 2048 1536 ) (1024 2048 -32 ) 
4 1 2 (1024 2048 -512 ) (1024 2048 1536 ) (1024 2560 1536 ) (1024 2560 -512 ) 
4 2 210 (0 2048 -512 ) (0 2048 1536 ) (0 2560 1536 ) (0 2560 -512 ) 
4 2 14 (1024 2048 -512 ) (1024 2048 -48 ) (0 2048 -48 ) (0 2048 -512 ) 
4 2 9 (1024 2048 -48 ) (1024 2048 1536 ) (0 2048 1536 ) (0 2048 -48 ) 
4 3 8 (2048 2048 -48 ) (2048 2048 -512 ) (2048 1024 -512 ) (2048 1024 -48 ) 
4 3 7 (2048 1280 -48 ) (2048 1024 -48 ) (2048 1024 -32 ) (2048 1280 -32 ) 
4 3 6 (2048 2048 -32 ) (2048 2048 -48 ) (2048 1280 -48 ) (2048 1280 -32 ) 
4 3 5 (2048 2048 1536 ) (2048 2048 -32 ) (2048 1024 -32 ) (2048 1024 1536 ) 
4 3 4 (3072 1024 -512 ) (3072 1024 1536 ) (2048 1024 1536 ) (2048 1024 -512 ) 
4 4 122 (3072 0 -512 ) (3072 0 1536 ) (2048 0 1536 ) (2048 0 -512 ) 
4 4 20 (2048 0 -512 ) (2048 0 -48 ) (2048 1024 -48 ) (2048 1024 -512 ) 
4 4 16 (2048 0 -48 ) (2048 0 -24 ) (2048 1024 -24 ) (2048 1024 -48 ) 
4 4 15 (2048 0 -24 ) (2048 0 1536 ) (2048 1024 1536 ) (2048 1024 -24 ) 
4 5 22 (1024 1024 0 ) (1024 1024 -24 ) (1280 1024 -24 ) (1280 1024 0 ) 
4 5 21 (1280 1024 1536 ) (1024 1024 1536 ) (1024 1024 0 ) (1280 1024 0 ) 
4 5 17 (1792 1024 -24 ) (1408 1024 -24 ) (1408 1024 -32 ) (1792 1024 -32 ) 
4 5 16 (2048 1024 -32 ) (2048 1024 -24 ) (1792 1024 -24 ) (1792 1024 -32 ) 
4 5 15 (2048 1024 -24 ) (2048 1024 1536 ) (1280 1024 1536 ) (1280 1024 -24 ) 
4 5 11 (1024 1280 -32 ) (1024 1024 -32 ) (1024 1024 -24 ) (1024 1280 -24 ) 
4 5 10 (1024 1024 -24 ) (1024 1024 1536 ) (1024 1280 1536 ) (1024 1280 -24 ) 
4 5 9 (1024 2048 1536 ) (1024 2048 -32 ) (1024 1280 -32 ) (1024 1280 1536 ) 
4 5 7 (1792 1280 -32 ) (2048 1280 -32 ) (2048 1024 -32 ) (1792 1024 -32 ) 
4 5 6 (1024 1280 -32 ) (1024 2048 -32 ) (2048 2048 -32 ) (2048 1280 -32 ) 
4 6 9 (1024 2048 -32 ) (1024 2048 -48 ) (1024 1280 -48 ) (1024 1280 -32 ) 
4 6 8 (1024 1280 -48 ) (1024 2048 -48 ) (2048 2048 -48 ) (2048 1280 -48 ) 
4 6 7 (1792 1280 -48 ) (2048 1280 -48 ) (2048 1280 -32 ) (1792 1280 -32 ) 
4 7 16 (2048 1024 -48 ) (2048 1024 -32 ) (1792 1024 -32 ) (1792 1024 -48 ) 
4 7 8 (2048 1024 -48 ) (1792 1024 -48 ) (1792 1280 -48 ) (2048 1280 -48 ) 
4 8 26 (1280 1024 -48 ) (1024 1024 -48 ) (1024 1024 -512 ) (1280 1024 -512 ) 
4 8 20 (2048 1024 -512 ) (2048 1024 -48 ) (1280 1024 -48 ) (1280 1024 -512 ) 
4 8 14 (1024 2048 -48 ) (1024 2048 -512 ) (1024 1024 -512 ) (1024 1024 -48 ) 
4 9 214 (0 2048 -32 ) (0 2048 -48 ) (0 1280 -48 ) (0 1280 -32 ) 
4 9 213 (0 2048 1536 ) (0 2048 -32 ) (0 1280 -32 ) (0 1280 1536 ) 
4 9 14 (1024 2048 -48 ) (1024 1280 -48 ) (0 1280 -48 ) (0 2048 -48 ) 
4 9 13 (0 1280 -24 ) (0 1280 -32 ) (128 1280 -32 ) (128 1280 -24 ) 
4 9 12 (512 1280 -32 ) (512 1280 -24 ) (128 1280 -24 ) (128 1280 -32 ) 
4 9 11 (1024 1280 -32 ) (1024 1280 -24 ) (512 1280 -24 ) (512 1280 -32 ) 
4 9 10 (0 1280 1536 ) (0 1280 -24 ) (1024 1280 -24 ) (1024 1280 1536 ) 
4 10 213 (0 1024 -24 ) (0 1024 1536 ) (0 1280 1536 ) (0 1280 -24 ) 
4 10 104 (1024 1024 -24 ) (1024 1024 0 ) (0 1024 0 ) (0 1024 -24 ) 
4 10 43 (1024 1024 0 ) (1024 1024 192 ) (0 1024 192 ) (0 1024 0 ) 
4 10 27 (1024 1024 192 ) (1024 1024 1536 ) (0 1024 1536 ) (0 1024 192 ) 
4 10 13 (128 1024 -24 ) (0 1024 -24 ) (0 1280 -24 ) (128 1280 -24 ) 
4 10 12 (128 1152 -24 ) (128 1280 -24 ) (512 1280 -24 ) (512 1152 -24 ) 
4 10 11 (1024 1024 -24 ) (512 1024 -24 ) (512 1280 -24 ) (1024 1280 -24 ) 
4 11 12 (512 1152 -24 ) (512 1280 -24 ) (512 1280 -32 ) (512 1152 -32 ) 
4 12 13 (128 1152 -24 ) (128 1280 -24 ) (128 1280 -32 ) (128 1152 -32 ) 
4 13 213 (0 1024 -32 ) (0 1024 -24 ) (0 1280 -24 ) (0 1280 -32 ) 
4 14 215 (0 1024 -512 ) (0 1024 -48 ) (0 2048 -48 ) (0 2048 -512 ) 
4 14 117 (1024 1024 -512 ) (1024 1024 -48 ) (0 1024 -48 ) (0 1024 -512 ) 
4 15 124 (2048 0 -24 ) (2048 0 1536 ) (1280 0 1536 ) (1280 0 -24 ) 
4 15 24 (1280 160 0 ) (1280 352 0 ) (1280 352 -24 ) (1280 160 -24 ) 
4 15 25 (1280 0 -24 ) (1280 0 0 ) (1280 160 0 ) (1280 160 -24 ) 
4 15 22 (1280 896 0 ) (1280 1024 0 ) (1280 1024 -24 ) (1280 896 -24 ) 
4 15 23 (1280 352 0 ) (1280 896 0 ) (1280 896 -24 ) (1280 352 -24 ) 
4 15 21 (1280 0 0 ) (1280 0 1536 ) (1280 1024 1536 ) (1280 1024 0 ) 
4 15 19 (1792 192 -24 ) (1792 0 -24 ) (1408 0 -24 ) (1408 192 -24 ) 
4 15 18 (1760 576 -24 ) (1792 576 -24 ) (1792 192 -24 ) (1760 192 -24 ) 
4 15 17 (1408 1024 -24 ) (1792 1024 -24 ) (1792 576 -24 ) (1408 576 -24 ) 
4 15 16 (1792 1024 -24 ) (2048 1024 -24 ) (2048 0 -24 ) (1792 0 -24 ) 
4 16 128 (2048 0 -48 ) (2048 0 -32 ) (1792 0 -32 ) (1792 0 -48 ) 
4 16 125 (2048 0 -32 ) (2048 0 -24 ) (1792 0 -24 ) (1792 0 -32 ) 
4 16 20 (2048 0 -48 ) (1792 0 -48 ) (1792 1024 -48 ) (2048 1024 -48 ) 
4 16 19 (1792 0 -32 ) (1792 0 -24 ) (1792 192 -24 ) (1792 192 -32 ) 
4 16 18 (1792 192 -32 ) (1792 192 -24 ) (1792 576 -24 ) (1792 576 -32 ) 
4 16 17 (1792 576 -32 ) (1792 576 -24 ) (1792 1024 -24 ) (1792 1024 -32 ) 
4 17 18 (1792 576 -32 ) (1792 576 -24 ) (1760 576 -24 ) (1760 576 -32 ) 
4 18 19 (1760 192 -32 ) (1792 192 -32 ) (1792 192 -24 ) (1760 192 -24 ) 
4 19 125 (1792 0 -24 ) (1408 0 -24 ) (1408 0 -32 ) (1792 0 -32 ) 
4 20 130 (2048 0 -512 ) (2048 0 -48 ) (1280 0 -48 ) (1280 0 -512 ) 
4 20 26 (1280 0 -512 ) (1280 0 -48 ) (1280 1024 -48 ) (1280 1024 -512 ) 
4 21 124 (1280 0 0 ) (1280 0 1536 ) (1024 0 1536 ) (1024 0 0 ) 
4 21 84 (1024 320 0 ) (1024 192 0 ) (1024 192 112 ) (1024 320 112 ) 
4 21 44 (1024 768 0 ) (1024 512 0 ) (1024 512 192 ) (1024 768 192 ) 
4 21 43 (1024 1024 192 ) (1024 1024 0 ) (1024 768 0 ) (1024 768 192 ) 
3 21 31 (1024 256 192 ) (1024 0 192 ) (1024 0 277.330963 ) 
4 21 30 (1024 256 192 ) (1024 0 277.330963 ) (1024 0 1536 ) (1024 256 1536 ) 
3 21 28 (1024 512 192 ) (1024 256 192 ) (1024 256 277.333038 ) 
5 21 27 (1024 1024 1536 ) (1024 1024 192 ) (1024 512 192 ) (1024 256 277.333038 ) (1024 256 1536 ) 
4 21 24 (1280 352 0 ) (1280 160 0 ) (1056 160 0 ) (1056 352 0 ) 
4 21 25 (1280 160 0 ) (1280 0 0 ) (1024 0 0 ) (1024 160 0 ) 
4 21 22 (1024 1024 0 ) (1280 1024 0 ) (1280 896 0 ) (1024 896 0 ) 
4 21 23 (1280 896 0 ) (1280 352 0 ) (1024 352 0 ) (1024 896 0 ) 
4 22 104 (1024 1024 0 ) (1024 1024 -24 ) (1024 896 -24 ) (1024 896 0 ) 
4 22 23 (1280 896 -24 ) (1280 896 0 ) (1024 896 0 ) (1024 896 -24 ) 
4 23 107 (1024 736 -32 ) (1024 608 -32 ) (1024 608 0 ) (1024 736 0 ) 
4 23 106 (1024 768 -32 ) (1024 736 -32 ) (1024 736 0 ) (1024 768 0 ) 
4 23 108 (1024 608 -32 ) (1024 512 -32 ) (1024 512 0 ) (1024 608 0 ) 
4 23 105 (1024 896 -32 ) (1024 768 -32 ) (1024 768 -24 ) (1024 896 -24 ) 
4 23 104 (1024 768 -24 ) (1024 768 0 ) (1024 896 0 ) (1024 896 -24 ) 
4 23 24 (1120 352 -32 ) (1280 352 -32 ) (1280 352 0 ) (1056 352 0 ) 
4 24 25 (1120 160 -32 ) (1280 160 -32 ) (1280 160 0 ) (1056 160 0 ) 
4 25 127 (1280 0 -32 ) (1280 0 -24 ) (1024 0 -24 ) (1024 0 -32 ) 
4 25 124 (1280 0 -24 ) (1280 0 0 ) (1024 0 0 ) (1024 0 -24 ) 
4 26 130 (1280 0 -512 ) (1280 0 -48 ) (1024 0 -48 ) (1024 0 -512 ) 
4 26 121 (1024 768 -512 ) (1024 0 -512 ) (1024 0 -48 ) (1024 768 -48 ) 
4 26 117 (1024 1024 -48 ) (1024 1024 -512 ) (1024 768 -512 ) (1024 768 -48 ) 
5 27 216 (0 1024 1536 ) (0 1024 192 ) (0 512 192 ) (0 256 277.333008 ) (0 256 1536 ) 
4 27 49 (96 768 192 ) (128 768 192 ) (128 736 192 ) (96 736 192 ) 
4 27 50 (128 736 192 ) (128 512 192 ) (96 512 192 ) (96 736 192 ) 
4 27 51 (0 512 192 ) (0 768 192 ) (96 768 192 ) (96 512 192 ) 
4 27 46 (128 768 192 ) (512 768 192 ) (512 512 192 ) (128 512 192 ) 
4 27 44 (512 768 192 ) (1024 768 192 ) (1024 512 192 ) (512 512 192 ) 
4 27 43 (0 768 192 ) (0 1024 192 ) (1024 1024 192 ) (1024 768 192 ) 
4 27 41 (8 256 1536 ) (0 256 1536 ) (0 256 440 ) (8 256 440 ) 
4 27 36 (32 256 296 ) (344 256 296 ) (344 256 408 ) (32 256 408 ) 
4 27 34 (368 256 1536 ) (8 256 1536 ) (8 256 440 ) (368 256 440 ) 
4 27 32 (384 256 1536 ) (368 256 1536 ) (368 256 440 ) (384 256 440 ) 
4 27 30 (1024 256 277.333008 ) (1024 256 1536 ) (384 256 1536 ) (384 256 277.333008 ) 
4 27 28 (1024 256 277.333984 ) (384 256 277.333984 ) (384 512.003418 192 ) (1024 512.003418 192 ) 
4 28 52 (768 384 192 ) (768 496 192 ) (1008 496 192 ) (1008 384 192 ) 
4 28 30 (384 256 192 ) (1024 256 192 ) (1024 256 277.333008 ) (384 256 277.333008 ) 
4 29 54 (368 488 192 ) (368 256 192 ) (8 256 192 ) (8 488 192 ) 
4 29 39 (8 256 192 ) (368 256 192 ) (368 256 264 ) (8 256 264 ) 
4 30 138 (408 0 296 ) (744 0 296 ) (744 0 408 ) (408 0 408 ) 
4 30 134 (768 0 1536 ) (384 0 1536 ) (384 0 440 ) (768 0 440 ) 
4 30 132 (1024 0 277.330963 ) (1024 0 440 ) (784 0 440 ) (784 0 277.330963 ) 
4 30 131 (1024 0 440 ) (1024 0 1536 ) (768 0 1536 ) (768 0 440 ) 
3 30 33 (384 0 362.666992 ) (384 0 440 ) (384 231.998657 440 ) 
4 30 32 (384 256 1536 ) (384 256 440 ) (384 0 440 ) (384 0 1536 ) 
4 30 31 (1024 0 277.331055 ) (784 0 277.331055 ) (784 256 192 ) (1024 256 192 ) 
4 31 132 (1024 0 192 ) (1024 0 277.330963 ) (784 0 277.330963 ) (784 0 192 ) 
4 32 142 (368 0 1536 ) (368 0 440 ) (384 0 440 ) (384 0 1536 ) 
4 32 34 (368 256 1536 ) (368 256 440 ) (368 0 440 ) (368 0 1536 ) 
4 32 33 (368 0 440 ) (368 231.998657 440 ) (384 231.998657 440 ) (384 0 440 ) 
3 33 38 (368 0 362.666992 ) (368 0 432 ) (368 207.998688 432 ) 
4 33 35 (368 0 432 ) (368 0 440 ) (368 231.998657 440 ) (368 207.998688 432 ) 
4 34 142 (8 0 1536 ) (8 0 440 ) (368 0 440 ) (368 0 1536 ) 
4 34 41 (8 256 1536 ) (8 256 440 ) (8 0 440 ) (8 0 1536 ) 
4 34 35 (8 0 440 ) (8 231.998657 440 ) (368 231.998657 440 ) (368 0 440 ) 
4 35 144 (8 0 440 ) (8 0 432 ) (368 0 432 ) (368 0 440 ) 
4 35 42 (8 207.998657 432 ) (8 0 432 ) (8 0 440 ) (8 231.998657 440 ) 
4 35 38 (8 0 432 ) (8 207.998657 432 ) (368 207.998657 432 ) (368 0 432 ) 
4 36 37 (32 248 296 ) (344 248 296 ) (344 248 408 ) (32 248 408 ) 
4 37 141 (8 0 354.666687 ) (8 0 296 ) (368 0 296 ) (368 0 354.666687 ) 
4 37 40 (8 0 296 ) (8 248 296 ) (368 248 296 ) (368 0 296 ) 
4 38 144 (8 0 432 ) (8 0 362.666992 ) (368 0 362.666992 ) (368 0 432 ) 
3 38 42 (8 0 362.666992 ) (8 0 432 ) (8 207.998596 432 ) 
4 39 54 (8 248 192 ) (8 256 192 ) (368 256 192 ) (368 248 192 ) 
4 39 40 (368 248 192 ) (368 248 264 ) (8 248 264 ) (8 248 192 ) 
4 40 141 (8 0 296 ) (8 0 192 ) (368 0 192 ) (368 0 296 ) 
4 40 57 (368 0 192 ) (8 0 192 ) (8 128 192 ) (368 128 192 ) 
4 40 56 (8 128 192 ) (8 192 192 ) (368 192 192 ) (368 128 192 ) 
4 40 54 (8 192 192 ) (8 248 192 ) (368 248 192 ) (368 192 192 ) 
4 41 218 (0 0 440 ) (0 0 1536 ) (0 256 1536 ) (0 256 440 ) 
4 41 142 (0 0 1536 ) (0 0 440 ) (8 0 440 ) (8 0 1536 ) 
4 41 42 (8 231.998657 440 ) (8 0 440 ) (0 0 440 ) (0 231.998657 440 ) 
3 42 219 (0 0 362.666992 ) (0 0 440 ) (0 231.998657 440 ) 
4 42 144 (0 0 440 ) (0 0 362.666992 ) (8 0 362.666992 ) (8 0 440 ) 
4 43 225 (0 1024 184 ) (0 1024 0 ) (0 768 0 ) (0 768 184 ) 
4 43 221 (0 768 192 ) (0 1024 192 ) (0 1024 184 ) (0 768 184 ) 
4 43 104 (1024 1024 0 ) (1024 768 0 ) (0 768 0 ) (0 1024 0 ) 
4 43 49 (128 768 32 ) (128 768 192 ) (96 768 192 ) (96 768 32 ) 
4 43 51 (0 768 0 ) (96 768 0 ) (96 768 192 ) (0 768 192 ) 
4 43 46 (512 768 160 ) (512 768 192 ) (128 768 192 ) (128 768 160 ) 
4 43 44 (512 768 0 ) (1024 768 0 ) (1024 768 192 ) (512 768 192 ) 
4 44 107 (1024 736 0 ) (1024 608 0 ) (544 608 0 ) (544 736 0 ) 
4 44 106 (1024 768 0 ) (1024 736 0 ) (512 736 0 ) (512 768 0 ) 
4 44 108 (1024 608 0 ) (1024 512 0 ) (512 512 0 ) (512 608 0 ) 
4 44 47 (512 704 0 ) (512 640 0 ) (512 640 112 ) (512 704 112 ) 
3 44 46 (512 768 192 ) (512 768 160 ) (512 512 192 ) 
4 45 48 (144 752 112 ) (496 752 112 ) (496 512 112 ) (144 512 112 ) 
4 46 49 (128 768 192 ) (128 768 160 ) (128 736 164 ) (128 736 192 ) 
3 46 50 (128 736 164 ) (128 512 192 ) (128 736 192 ) 
4 47 48 (496 704 0 ) (496 640 0 ) (496 640 112 ) (496 704 112 ) 
4 48 83 (192 512 0 ) (256 512 0 ) (256 512 112 ) (192 512 112 ) 
4 49 50 (96 736 192 ) (96 736 32 ) (128 736 32 ) (128 736 192 ) 
4 49 51 (96 768 192 ) (96 768 32 ) (96 736 32 ) (96 736 192 ) 
4 50 109 (128 512 0 ) (96 512 0 ) (96 736 0 ) (128 736 0 ) 
4 50 51 (96 736 0 ) (96 512 0 ) (96 512 192 ) (96 736 192 ) 
4 51 225 (0 768 184 ) (0 768 0 ) (0 512 0 ) (0 512 184 ) 
4 51 221 (0 512 192 ) (0 768 192 ) (0 768 184 ) (0 512 184 ) 
4 51 110 (96 512 0 ) (0 512 0 ) (0 768 0 ) (96 768 0 ) 
4 53 90 (1008 0 112 ) (768 0 112 ) (768 192 112 ) (1008 192 112 ) 
4 53 85 (768 192 112 ) (768 384 112 ) (1008 384 112 ) (1008 192 112 ) 
4 53 55 (768 192 112 ) (768 0 112 ) (768 0 184 ) (768 192 184 ) 
4 54 88 (8 496 112 ) (368 496 112 ) (368 192 112 ) (8 192 112 ) 
4 54 78 (368 192 156.602051 ) (368 192 184 ) (314.862335 192 184 ) (314.860535 192 162.048309 ) 
4 54 62 (314.856476 192 112 ) (368 192 112 ) (368 192 156.602051 ) (314.860535 192 162.048309 ) 
4 54 58 (8 192 112 ) (314.856476 192 112 ) (314.862335 192 184 ) (8 192 184 ) 
4 54 56 (368 192 184 ) (368 192 192 ) (8 192 192 ) (8 192 184 ) 
4 55 101 (608 0 112 ) (568 0 112 ) (568 192 112 ) (608 192 112 ) 
4 55 91 (608 188 112 ) (608 192 112 ) (736 192 112 ) (736 188 112 ) 
4 55 93 (736 0 112 ) (608 0 112 ) (608 188 112 ) (736 188 112 ) 
4 55 90 (768 0 112 ) (736 0 112 ) (736 192 112 ) (768 192 112 ) 
4 55 59 (568 128 112 ) (568 0 112 ) (568 0 184 ) (568 128 184 ) 
4 56 78 (314.862335 192 184 ) (368 192 184 ) (368 128 184 ) (341.346313 128 184 ) 
4 56 58 (8 128 184 ) (8 192 184 ) (314.862335 192 184 ) (341.346313 128 184 ) 
4 56 57 (8 128 192 ) (8 128 184 ) (368 128 184 ) (368 128 192 ) 
4 57 161 (368 0 192 ) (8 0 192 ) (8 0 184 ) (368 0 184 ) 
4 57 79 (368 107.056801 184 ) (368 93.256226 184 ) (357.520264 88.914673 184 ) (355.934937 92.745750 184 ) 
4 57 78 (341.346313 128 184 ) (368 128 184 ) (368 107.056801 184 ) (355.934937 92.745750 184 ) 
3 57 60 (368 93.256226 184 ) (368 63.589806 184 ) (357.520264 88.914673 184 ) 
5 57 58 (8 0 184 ) (8 128 184 ) (341.346313 128 184 ) (368 63.589806 184 ) (368 0 184 ) 
4 58 167 (8 0 128 ) (8 0 112 ) (248 0 112 ) (248 0 128 ) 
4 58 161 (8 0 184 ) (8 0 128 ) (368 0 128 ) (368 0 184 ) 
3 58 102 (394.308319 0 112 ) (368 0 112 ) (368 63.575577 112 ) 
5 58 103 (368 0 112 ) (8 0 112 ) (8 192 112 ) (314.856476 192 112 ) (368 63.575577 112 ) 
3 58 81 (357.316925 89.405579 182.017807 ) (356.523468 91.321526 174.281799 ) (355.044830 94.894905 175.318192 ) 
4 58 79 (355.934906 92.745712 184 ) (357.520233 88.914658 184 ) (357.316925 89.405579 182.017807 ) (355.044830 94.894905 175.318192 ) 
4 58 78 (314.860535 192 162.048309 ) (314.862335 192 184 ) (355.934906 92.745712 184 ) (351.083893 104.459145 136.682800 ) 
4 58 62 (314.856476 192 112 ) (314.860535 192 162.048309 ) (352.560913 100.889656 135.648514 ) (350.135345 106.746574 112 ) 
4 58 60 (357.520233 88.914658 184 ) (394.314148 0 184 ) (394.308319 0 112 ) (350.135345 106.746574 112 ) 
4 59 102 (568 0 112 ) (463.568176 0 112 ) (410.596588 128 112 ) (568 128 112 ) 
3 59 75 (410.606476 128 156 ) (410.602814 128 140.530930 ) (412.191895 124.168999 156 ) 
4 59 65 (414.176727 119.383842 175.321838 ) (414.175995 119.385574 175.314835 ) (415.652191 115.817955 174.279877 ) (416.446198 113.903732 182.010727 ) 
4 59 64 (416.650513 113.411171 184 ) (415.068207 117.234650 184 ) (414.176727 119.383842 175.321838 ) (416.446198 113.903732 182.010727 ) 
4 59 63 (415.068207 117.234650 184 ) (410.613068 128 184 ) (410.606476 128 156 ) (412.191895 124.168999 156 ) 
3 59 61 (410.601837 128 136.405579 ) (410.599182 128 125.081070 ) (411.684418 125.383667 135.647476 ) 
5 59 60 (463.584595 0 184 ) (416.650513 113.411171 184 ) (410.599182 128 125.081070 ) (410.596100 128 112 ) (463.567627 0 112 ) 
6 60 102 (463.568176 0 112 ) (394.308319 0 112 ) (368 63.575596 112 ) (368 114.147560 112 ) (401.437317 128 112 ) (410.596588 128 112 ) 
3 60 103 (368 63.575596 112 ) (350.135345 106.746574 112 ) (368 114.147560 112 ) 
4 60 81 (356.524170 91.320061 174.281342 ) (357.317963 89.403305 182.020645 ) (368 93.829208 182.019165 ) (368 96.074501 174.281021 ) 
4 60 79 (357.317963 89.403305 182.020645 ) (357.520996 88.913086 184 ) (368 93.254456 184 ) (368 93.829208 182.019165 ) 
4 60 72 (393.117798 106.480835 174.280273 ) (395.829590 105.359917 182.015335 ) (406.270416 109.685898 182.013885 ) (403.561676 110.807755 174.279968 ) 
4 60 70 (395.829590 105.359917 182.015335 ) (396.525391 105.072311 184 ) (406.966034 109.397797 184 ) (406.270416 109.685898 182.013885 ) 
4 60 68 (368 96.074501 174.281021 ) (368 93.829208 182.019165 ) (395.829590 105.359917 182.015335 ) (393.117798 106.480835 174.280273 ) 
4 60 67 (368 93.829208 182.019165 ) (368 93.254456 184 ) (396.525391 105.072311 184 ) (395.829590 105.359917 182.015335 ) 
4 60 65 (416.446747 113.902283 182.012466 ) (415.652527 115.817001 174.279617 ) (403.561676 110.807755 174.279968 ) (406.270416 109.685898 182.013885 ) 
4 60 64 (416.650879 113.410156 184 ) (416.446747 113.902283 182.012466 ) (406.270416 109.685898 182.013885 ) (406.966034 109.397797 184 ) 
5 60 61 (411.684753 125.382721 135.647217 ) (410.599121 128 125.076996 ) (401.440369 128 112 ) (368 114.145897 112 ) (368 107.284264 135.647842 ) 
4 60 62 (368 114.145897 112 ) (350.136078 106.745003 112 ) (352.561615 100.888191 135.648071 ) (368 107.284264 135.647842 ) 
3 61 102 (401.437317 128 112 ) (368 114.147560 112 ) (368 128 112 ) 
3 61 76 (407.917877 128 136.681000 ) (368 128 140.772369 ) (368 111.464172 136.682327 ) 
4 61 62 (368 114.143280 112 ) (368 107.281250 135.649414 ) (368 128 140.774139 ) (368 128 112 ) 
4 62 103 (350.135345 106.746574 112 ) (314.856476 192 112 ) (368 192 112 ) (368 114.147560 112 ) 
4 62 80 (351.084229 104.459259 136.683472 ) (351.085052 104.457245 136.682892 ) (368 111.464172 136.682327 ) (368 123.431725 139.642426 ) 
4 62 78 (314.861145 192 162.048813 ) (351.084229 104.459259 136.683472 ) (368 123.431725 139.642426 ) (368 192 156.602432 ) 
5 63 78 (368 128 156 ) (368 127.934731 156 ) (368 125.535759 166.041626 ) (368 125.535698 184 ) (368 128 184 ) 
4 63 75 (368 127.934731 156 ) (368 128 156 ) (410.605896 128 156 ) (412.191254 124.169052 156 ) 
4 63 71 (368 125.534576 184 ) (368 125.534653 166.046280 ) (379.489532 120.776154 181.866302 ) (379.489594 120.776123 184 ) 
3 63 66 (386.287109 126.377419 156 ) (403.221924 124.934349 156 ) (404.517334 121.806931 168.628891 ) 
6 63 64 (381.044220 120.134781 184 ) (368 125.537109 166.039063 ) (368 127.935722 156 ) (386.287109 126.377419 156 ) (414.176636 119.385246 175.320328 ) (415.068237 117.235703 184 ) 
3 64 78 (368 127.934731 156 ) (368 125.535797 156 ) (368 125.535759 166.041626 ) 
4 64 76 (376.128082 122.169540 156 ) (368 125.535797 156 ) (368 127.934731 156 ) (386.285126 126.376595 156 ) 
5 64 71 (368 125.534653 166.046280 ) (368 125.534691 156 ) (376.126740 122.168983 156 ) (379.488922 120.776520 158.901672 ) (379.489532 120.776154 181.866302 ) 
4 64 70 (386.881470 117.714844 165.281708 ) (406.266876 109.686272 182.011948 ) (406.963165 109.397888 184 ) (386.880646 117.715111 184 ) 
4 64 66 (390.763092 116.107719 168.636734 ) (376.121094 122.171875 156 ) (386.277618 126.378319 156 ) (404.518188 121.805191 168.636108 ) 
5 64 65 (406.269531 109.685547 182.019531 ) (398.504028 112.901718 175.317535 ) (414.161865 119.387405 175.316742 ) (414.177368 119.383522 175.327469 ) (416.447327 113.902206 182.018097 ) 
3 65 72 (403.558899 110.807816 174.280273 ) (406.266876 109.686272 182.011948 ) (398.508789 112.899330 175.316467 ) 
4 66 77 (386.337952 117.941101 156 ) (379.820313 120.640396 156 ) (392.407928 125.854851 156 ) (403.219940 124.933525 156 ) 
4 66 76 (379.820313 120.640396 156 ) (376.128082 122.169540 156 ) (386.285126 126.376595 156 ) (392.407928 125.854851 156 ) 
3 66 74 (376.126740 122.168983 156 ) (379.488831 120.776566 156 ) (379.488922 120.776520 158.901672 ) 
3 66 73 (386.881805 117.714745 157.556625 ) (390.759766 116.108635 168.628784 ) (386.881470 117.714851 165.281693 ) 
4 67 79 (368 93.837631 182.010406 ) (368 93.260330 184 ) (368 107.056801 184 ) (368 116.512192 158.386597 ) 
4 67 78 (368 107.056801 184 ) (368 116.862740 184 ) (368 116.862938 158.021164 ) (368 116.512192 158.386597 ) 
4 67 71 (376.424255 113.380806 165.284485 ) (368 116.862778 158.021332 ) (368 116.862610 184 ) (376.424744 113.380486 184 ) 
4 67 70 (396.523499 105.073265 184 ) (395.826782 105.361252 182.012726 ) (383.818970 110.324387 171.659973 ) (383.818420 110.324539 184 ) 
3 67 69 (368 106.681496 168.629349 ) (368 116.864113 158.021347 ) (380.305267 111.777885 168.630707 ) 
4 67 68 (368 93.832031 182.015625 ) (368 100.261269 175.317795 ) (388.060577 108.572327 175.317184 ) (395.829285 105.361237 182.015213 ) 
3 68 81 (368 96.079979 174.282364 ) (368 93.837631 182.010406 ) (368 100.261307 175.317810 ) 
3 68 72 (395.826782 105.361252 182.012726 ) (393.116028 106.481735 174.280670 ) (388.060547 108.571236 175.316925 ) 
4 69 82 (368 115.743782 156 ) (368 110.345604 156 ) (368 106.681709 168.628616 ) (368 116.317451 158.589493 ) 
5 69 80 (368 116.862953 156 ) (368 115.743782 156 ) (368 116.317451 158.589493 ) (368 116.512192 158.386597 ) (368 116.862946 157.436432 ) 
3 69 78 (368 116.512192 158.386597 ) (368 116.862938 158.021164 ) (368 116.862946 157.436432 ) 
4 69 77 (368 110.345612 156 ) (368 115.743790 156 ) (369.352325 116.303993 156 ) (375.875671 113.607681 156 ) 
3 69 76 (368 115.743790 156 ) (368 116.862946 156 ) (369.352325 116.303993 156 ) 
5 69 74 (375.875641 113.607658 156 ) (368 116.862793 156 ) (368 116.862778 158.021332 ) (376.424255 113.380821 165.284454 ) (376.424042 113.380981 157.564224 ) 
3 70 73 (385.273895 113.835419 168.632248 ) (386.882538 117.717400 165.282745 ) (390.764984 116.109459 168.633423 ) 
4 70 72 (395.827148 105.360352 182.015625 ) (388.058105 108.571571 175.317261 ) (398.509369 112.902077 175.317078 ) (406.272125 109.687080 182.016617 ) 
5 71 78 (368 125.535797 156 ) (368 118.802887 156 ) (368 116.862938 158.021164 ) (368 116.862740 184 ) (368 125.535698 184 ) 
3 71 76 (368 118.802895 156 ) (368 125.535797 156 ) (376.128082 122.169533 156 ) 
5 71 74 (376.424072 113.380341 165.286545 ) (368 116.862305 158.023438 ) (368 118.804466 156 ) (376.126587 122.172035 156 ) (379.489990 120.779060 158.902725 ) 
3 74 80 (368 117.393188 156 ) (368 116.862953 156 ) (368 116.862946 157.436432 ) 
4 74 78 (368 118.802887 156 ) (368 117.393188 156 ) (368 116.862946 157.436432 ) (368 116.862938 158.021164 ) 
4 74 77 (375.875671 113.607674 156 ) (369.352325 116.303986 156 ) (379.352020 120.446396 156 ) (376.651031 113.928825 156 ) 
6 74 76 (369.352325 116.303986 156 ) (368 116.862946 156 ) (368 118.802895 156 ) (376.128082 122.169533 156 ) (379.489227 120.777504 156 ) (379.352020 120.446396 156 ) 
3 75 77 (403.219818 124.933487 156 ) (392.407745 125.854782 156 ) (402.137146 127.547073 145.445862 ) 
4 75 76 (392.407745 125.854782 156 ) (368 127.934570 156 ) (368 128 155.726120 ) (404.741119 128 142.621155 ) 
4 76 80 (368 123.431099 139.644058 ) (368 111.464584 136.684174 ) (368 115.743782 156 ) (368 117.393188 156 ) 
5 76 78 (368 128 140.774155 ) (368 123.431099 139.644058 ) (368 117.393188 156 ) (368 127.934738 156 ) (368 128 155.726822 ) 
4 76 77 (402.136108 127.547081 145.444366 ) (392.406250 125.854492 156 ) (368 115.744118 156 ) (368 113.406693 145.449127 ) 
3 77 82 (368 110.345612 156 ) (368 115.743782 156 ) (368 113.406502 145.449783 ) 
3 78 82 (357.793549 109.178711 145.450928 ) (367.846405 116.253830 158.589478 ) (360.166046 103.436951 168.628555 ) 
4 78 80 (351.087097 104.458755 136.685944 ) (368 123.429688 139.644531 ) (368 116.510132 158.388733 ) (367.846405 116.253830 158.589478 ) 
4 78 79 (368 116.510132 158.388733 ) (368 107.055557 184 ) (355.935608 92.744049 184 ) (355.045868 94.892426 175.321228 ) 
3 79 82 (360.157043 103.433243 168.628448 ) (368 116.519531 158.378906 ) (368 106.681732 168.628555 ) 
4 79 81 (368 100.261276 175.317795 ) (368 93.831741 182.016495 ) (357.317139 89.405136 182.018295 ) (355.044952 94.894691 175.318359 ) 
4 80 82 (368 113.406029 145.451416 ) (368 116.316406 158.589462 ) (367.843750 116.251953 158.589462 ) (357.790710 109.177086 145.452454 ) 
4 83 88 (192 496 0 ) (256 496 0 ) (256 496 112 ) (192 496 112 ) 
4 84 85 (1008 320 0 ) (1008 192 0 ) (1008 192 112 ) (1008 320 112 ) 
4 85 94 (768 192 0 ) (1008 192 0 ) (1008 192 48 ) (768 192 48 ) 
4 85 90 (1008 192 48 ) (1008 192 112 ) (768 192 112 ) (768 192 48 ) 
4 86 88 (368 416 0 ) (368 352 0 ) (368 352 112 ) (368 416 112 ) 
4 87 88 (368 288 0 ) (368 224 0 ) (368 224 112 ) (368 288 112 ) 
4 88 103 (8 192 0 ) (368 192 0 ) (368 192 112 ) (8 192 112 ) 
4 88 89 (8 336 0 ) (8 272 0 ) (8 272 112 ) (8 336 112 ) 
4 89 245 (0 272 112 ) (0 336 112 ) (0 336 0 ) (0 272 0 ) 
4 90 145 (960 0 112 ) (832 0 112 ) (832 0 48 ) (960 0 48 ) 
4 90 94 (1008 0 48 ) (736 0 48 ) (736 192 48 ) (1008 192 48 ) 
4 90 91 (736 192 112 ) (736 192 104 ) (736 188 104 ) (736 188 112 ) 
4 90 92 (736 192 64 ) (736 192 48 ) (736 188 48 ) (736 188 64 ) 
4 90 93 (736 188 48 ) (736 0 48 ) (736 0 112 ) (736 188 112 ) 
4 91 101 (608 192 112 ) (608 192 104 ) (608 188 104 ) (608 188 112 ) 
4 91 93 (608 188 112 ) (608 188 104 ) (736 188 104 ) (736 188 112 ) 
4 92 101 (608 192 64 ) (608 192 48 ) (608 188 48 ) (608 188 64 ) 
4 92 97 (656 192 48 ) (688 192 48 ) (688 188 48 ) (656 188 48 ) 
4 92 100 (608 188 48 ) (608 192 48 ) (624 192 48 ) (624 188 48 ) 
4 92 94 (720 192 48 ) (736 192 48 ) (736 188 48 ) (720 188 48 ) 
4 92 93 (608 188 64 ) (608 188 48 ) (736 188 48 ) (736 188 64 ) 
4 93 101 (608 188 48 ) (608 0 48 ) (608 0 112 ) (608 188 112 ) 
4 93 98 (656 0 48 ) (624 0 48 ) (624 160 48 ) (656 160 48 ) 
4 93 97 (688 0 48 ) (656 0 48 ) (656 188 48 ) (688 188 48 ) 
4 93 100 (624 0 48 ) (608 0 48 ) (608 188 48 ) (624 188 48 ) 
4 93 95 (720 0 48 ) (688 0 48 ) (688 160 48 ) (720 160 48 ) 
4 93 94 (736 0 48 ) (720 0 48 ) (720 188 48 ) (736 188 48 ) 
4 94 145 (960 0 48 ) (832 0 48 ) (832 0 0 ) (960 0 0 ) 
4 94 95 (720 0 48 ) (720 160 48 ) (720 168 16 ) (720 0 16 ) 
4 94 96 (720 192 16 ) (720 192 0 ) (720 0 0 ) (720 0 16 ) 
4 95 97 (688 0 48 ) (688 160 48 ) (688 168 16 ) (688 0 16 ) 
4 95 96 (688 0 16 ) (688 168 16 ) (720 168 16 ) (720 0 16 ) 
4 96 97 (688 192 16 ) (688 192 0 ) (688 0 0 ) (688 0 16 ) 
4 97 98 (656 0 48 ) (656 160 48 ) (656 168 16 ) (656 0 16 ) 
4 97 99 (656 192 16 ) (656 192 0 ) (656 0 0 ) (656 0 16 ) 
4 98 99 (624 0 16 ) (624 168 16 ) (656 168 16 ) (656 0 16 ) 
4 98 100 (624 0 48 ) (624 160 48 ) (624 168 16 ) (624 0 16 ) 
4 99 100 (624 192 16 ) (624 192 0 ) (624 0 0 ) (624 0 16 ) 
4 100 101 (608 192 48 ) (608 192 0 ) (608 0 0 ) (608 0 48 ) 
4 101 102 (568 128 0 ) (568 0 0 ) (568 0 112 ) (568 128 112 ) 
4 102 103 (368 128 0 ) (368 0 0 ) (368 0 112 ) (368 128 112 ) 
4 103 167 (248 0 112 ) (8 0 112 ) (8 0 0 ) (248 0 0 ) 
4 104 285 (0 768 0 ) (0 1024 0 ) (0 1024 -24 ) (0 768 -24 ) 
4 104 110 (96 768 0 ) (0 768 0 ) (0 768 -24 ) (96 768 -24 ) 
4 104 106 (1024 768 -24 ) (1024 768 0 ) (512 768 0 ) (512 768 -24 ) 
4 104 105 (1024 768 -24 ) (64 768 -24 ) (64 896 -24 ) (1024 896 -24 ) 
4 105 106 (512 768 -32 ) (1024 768 -32 ) (1024 768 -24 ) (512 768 -24 ) 
4 106 107 (608 736 -32 ) (1024 736 -32 ) (1024 736 0 ) (544 736 0 ) 
4 107 108 (608 608 -32 ) (1024 608 -32 ) (1024 608 0 ) (544 608 0 ) 
4 109 110 (96 736 -24 ) (96 512 -24 ) (96 512 0 ) (96 736 0 ) 
4 110 288 (0 512 0 ) (0 768 0 ) (0 768 -24 ) (0 512 -24 ) 
4 111 113 (768 496 -32 ) (768 384 -32 ) (768 384 0 ) (768 496 0 ) 
4 111 112 (768 384 -16 ) (768 384 -32 ) (1008 384 -32 ) (1008 384 -16 ) 
4 112 191 (768 0 -16 ) (768 0 -32 ) (784 0 -32 ) (784 0 -16 ) 
4 112 187 (832 0 -32 ) (960 0 -32 ) (960 0 -16 ) (832 0 -16 ) 
4 112 186 (960 0 -32 ) (1008 0 -32 ) (1008 0 -16 ) (960 0 -16 ) 
4 112 188 (784 0 -32 ) (832 0 -32 ) (832 0 -16 ) (784 0 -16 ) 
4 112 116 (768 128 -32 ) (768 0 -32 ) (768 0 -16 ) (768 128 -16 ) 
4 112 114 (768 192 -32 ) (768 128 -32 ) (768 128 -16 ) (768 192 -16 ) 
4 112 113 (768 384 -32 ) (768 192 -32 ) (768 192 -16 ) (768 384 -16 ) 
4 113 120 (512 192 -32 ) (512 496 -32 ) (768 496 -32 ) (768 192 -32 ) 
4 113 114 (568 192 -32 ) (768 192 -32 ) (768 192 -16 ) (568 192 -16 ) 
4 113 115 (512 192 0 ) (512 192 -32 ) (568 192 -32 ) (568 192 0 ) 
4 114 120 (568 192 -32 ) (768 192 -32 ) (768 128 -32 ) (568 128 -32 ) 
4 114 116 (568 128 -32 ) (768 128 -32 ) (768 128 -16 ) (568 128 -16 ) 
4 114 115 (568 192 -16 ) (568 192 -32 ) (568 128 -32 ) (568 128 -16 ) 
4 115 120 (512 128 -32 ) (512 192 -32 ) (568 192 -32 ) (568 128 -32 ) 
4 115 116 (512 128 -16 ) (512 128 -32 ) (568 128 -32 ) (568 128 -16 ) 
4 116 199 (512 0 -16 ) (512 0 -32 ) (768 0 -32 ) (768 0 -16 ) 
4 116 120 (768 0 -32 ) (512 0 -32 ) (512 128 -32 ) (768 128 -32 ) 
4 117 287 (0 768 -512 ) (0 768 -48 ) (0 1024 -48 ) (0 1024 -512 ) 
4 117 121 (1024 768 -512 ) (1024 768 -48 ) (0 768 -48 ) (0 768 -512 ) 
4 118 121 (128 768 -48 ) (512 768 -48 ) (512 512 -48 ) (128 512 -48 ) 
4 118 119 (128 768 -40 ) (128 768 -48 ) (128 512 -48 ) (128 512 -40 ) 
4 118 120 (128 512 -48 ) (512 512 -48 ) (512 512 -32 ) (128 512 -32 ) 
4 119 291 (0 768 -40 ) (0 768 -48 ) (0 512 -48 ) (0 512 -40 ) 
4 119 121 (0 512 -48 ) (0 768 -48 ) (128 768 -48 ) (128 512 -48 ) 
4 119 120 (0 512 -48 ) (128 512 -48 ) (128 512 -40 ) (0 512 -40 ) 
4 120 291 (0 0 -48 ) (0 0 -40 ) (0 512 -40 ) (0 512 -48 ) 
4 120 290 (0 0 -40 ) (0 0 -32 ) (0 512 -32 ) (0 512 -40 ) 
4 120 204 (368 0 -32 ) (0 0 -32 ) (0 0 -48 ) (368 0 -48 ) 
4 120 202 (384 0 -32 ) (368 0 -32 ) (368 0 -48 ) (384 0 -48 ) 
4 120 199 (768 0 -32 ) (384 0 -32 ) (384 0 -48 ) (768 0 -48 ) 
4 120 121 (768 0 -48 ) (0 0 -48 ) (0 512 -48 ) (768 512 -48 ) 
4 121 291 (0 0 -512 ) (0 0 -48 ) (0 768 -48 ) (0 768 -512 ) 
4 121 204 (368 0 -48 ) (0 0 -48 ) (0 0 -512 ) (368 0 -512 ) 
4 121 202 (384 0 -48 ) (368 0 -48 ) (368 0 -512 ) (384 0 -512 ) 
4 121 199 (768 0 -48 ) (384 0 -48 ) (384 0 -512 ) (768 0 -512 ) 
4 121 195 (1024 0 -512 ) (1024 0 -48 ) (768 0 -48 ) (768 0 -512 ) 
4 122 130 (2048 0 -48 ) (2048 0 -512 ) (2048 -1024 -512 ) (2048 -1024 -48 ) 
4 122 128 (2048 0 -32 ) (2048 0 -48 ) (2048 -256 -48 ) (2048 -256 -32 ) 
4 122 129 (2048 -256 -48 ) (2048 -1024 -48 ) (2048 -1024 -32 ) (2048 -256 -32 ) 
4 122 125 (2048 0 -24 ) (2048 0 -32 ) (2048 -1024 -32 ) (2048 -1024 -24 ) 
4 122 124 (2048 0 1536 ) (2048 0 -24 ) (2048 -1024 -24 ) (2048 -1024 1536 ) 
4 122 123 (3072 -1024 -512 ) (3072 -1024 1536 ) (2048 -1024 1536 ) (2048 -1024 -512 ) 
4 123 207 (3072 -2048 -512 ) (3072 -2048 1536 ) (2048 -2048 1536 ) (2048 -2048 -512 ) 
4 123 205 (2048 -2048 -512 ) (2048 -2048 1536 ) (2048 -1024 1536 ) (2048 -1024 -512 ) 
4 124 205 (2048 -1024 -24 ) (2048 -1024 1536 ) (1024 -1024 1536 ) (1024 -1024 -24 ) 
4 124 185 (1024 -640 -24 ) (1024 -1024 -24 ) (1024 -1024 0 ) (1024 -640 0 ) 
4 124 132 (1024 0 440 ) (1024 0 192 ) (1024 -1024 192 ) (1024 -1024 440 ) 
4 124 131 (1024 0 1536 ) (1024 0 440 ) (1024 -1024 440 ) (1024 -1024 1536 ) 
4 124 126 (1408 -256 -24 ) (1408 -1024 -24 ) (1280 -1024 -24 ) (1280 -256 -24 ) 
4 124 125 (1408 0 -24 ) (2048 0 -24 ) (2048 -1024 -24 ) (1408 -1024 -24 ) 
4 124 127 (1024 -1024 -24 ) (1024 0 -24 ) (1280 0 -24 ) (1280 -1024 -24 ) 
4 125 205 (2048 -1024 -32 ) (2048 -1024 -24 ) (1408 -1024 -24 ) (1408 -1024 -32 ) 
4 125 128 (1792 0 -32 ) (2048 0 -32 ) (2048 -256 -32 ) (1792 -256 -32 ) 
4 125 129 (2048 -1024 -32 ) (1408 -1024 -32 ) (1408 -256 -32 ) (2048 -256 -32 ) 
4 125 126 (1408 -256 -32 ) (1408 -1024 -32 ) (1408 -1024 -24 ) (1408 -256 -24 ) 
4 126 205 (1408 -1024 -24 ) (1280 -1024 -24 ) (1280 -1024 -32 ) (1408 -1024 -32 ) 
4 126 129 (1408 -1024 -32 ) (1280 -1024 -32 ) (1280 -256 -32 ) (1408 -256 -32 ) 
4 126 127 (1280 -256 -32 ) (1280 -1024 -32 ) (1280 -1024 -24 ) (1280 -256 -24 ) 
4 127 205 (1280 -1024 -24 ) (1024 -1024 -24 ) (1024 -1024 -32 ) (1280 -1024 -32 ) 
4 127 185 (1024 -640 -32 ) (1024 -1024 -32 ) (1024 -1024 -24 ) (1024 -640 -24 ) 
4 127 129 (1280 -1024 -32 ) (1024 -1024 -32 ) (1024 -256 -32 ) (1280 -256 -32 ) 
4 128 130 (1792 0 -48 ) (2048 0 -48 ) (2048 -256 -48 ) (1792 -256 -48 ) 
4 128 129 (1792 -256 -48 ) (2048 -256 -48 ) (2048 -256 -32 ) (1792 -256 -32 ) 
4 129 205 (2048 -1024 -48 ) (2048 -1024 -32 ) (1024 -1024 -32 ) (1024 -1024 -48 ) 
4 129 194 (1024 -256 -48 ) (1024 -1024 -48 ) (1024 -1024 -32 ) (1024 -256 -32 ) 
4 129 130 (1024 -1024 -48 ) (1024 -256 -48 ) (2048 -256 -48 ) (2048 -1024 -48 ) 
4 130 205 (2048 -1024 -512 ) (2048 -1024 -48 ) (1024 -1024 -48 ) (1024 -1024 -512 ) 
4 130 195 (1024 0 -48 ) (1024 0 -512 ) (1024 -1024 -512 ) (1024 -1024 -48 ) 
4 131 206 (1024 -1024 440 ) (1024 -1024 1536 ) (768 -1024 1536 ) (768 -1024 440 ) 
4 131 134 (768 0 1536 ) (768 0 440 ) (768 -1024 440 ) (768 -1024 1536 ) 
4 131 133 (768 -1024 440 ) (768 -24 440 ) (784 -24 440 ) (784 -1024 440 ) 
4 131 132 (784 0 440 ) (1024 0 440 ) (1024 -1024 440 ) (784 -1024 440 ) 
4 132 206 (1024 -1024 192 ) (1024 -1024 440 ) (784 -1024 440 ) (784 -1024 192 ) 
4 132 150 (784 -1008 192 ) (784 -640 192 ) (1008 -640 192 ) (1008 -1008 192 ) 
4 132 147 (784 -640 192 ) (784 -624 192 ) (1008 -624 192 ) (1008 -640 192 ) 
4 132 133 (784 -768 192 ) (784 -1024 192 ) (784 -1024 440 ) (784 -24 440 ) 
4 133 206 (784 -1024 440 ) (768 -1024 440 ) (768 -1024 192 ) (784 -1024 192 ) 
4 133 151 (768 -1008 192 ) (768 -768 192 ) (784 -768 192 ) (784 -1008 192 ) 
4 133 140 (768 -768 192 ) (768 -1024 192 ) (768 -1024 408 ) (768 -120 408 ) 
4 133 137 (768 -1024 408 ) (768 -1024 432 ) (768 -48 432 ) (768 -120 408 ) 
4 133 135 (768 -1024 432 ) (768 -1024 440 ) (768 -24 440 ) (768 -48 432 ) 
4 134 206 (384 -1024 1536 ) (384 -1024 440 ) (768 -1024 440 ) (768 -1024 1536 ) 
4 134 142 (384 -1024 440 ) (384 -1024 1536 ) (384 0 1536 ) (384 0 440 ) 
4 134 135 (384 -1024 440 ) (384 -24 440 ) (768 -24 440 ) (768 -1024 440 ) 
4 135 206 (384 -1024 440 ) (384 -1024 432 ) (768 -1024 432 ) (768 -1024 440 ) 
4 135 143 (384 -1024 432 ) (384 -1024 440 ) (384 -24 440 ) (384 -48 432 ) 
4 135 137 (384 -1024 432 ) (384 -48 432 ) (768 -48 432 ) (768 -1024 432 ) 
4 136 139 (384 -96 408 ) (384 -16 408 ) (768 -16 408 ) (768 -96 408 ) 
4 137 206 (384 -1024 432 ) (384 -1024 408 ) (768 -1024 408 ) (768 -1024 432 ) 
4 137 143 (384 -1024 408 ) (384 -1024 432 ) (384 -48 432 ) (384 -120 408 ) 
4 137 140 (384 -1024 408 ) (384 -120 408 ) (768 -120 408 ) (768 -1024 408 ) 
4 138 139 (744 -16 408 ) (408 -16 408 ) (408 -16 296 ) (744 -16 296 ) 
4 139 157 (384 -744 192 ) (384 -512 192 ) (768 -512 192 ) (768 -744 192 ) 
4 139 152 (384 -512 192 ) (384 -16 192 ) (768 -16 192 ) (768 -512 192 ) 
4 140 206 (384 -1024 408 ) (384 -1024 192 ) (768 -1024 192 ) (768 -1024 408 ) 
4 140 160 (512 -1024 192 ) (384 -1024 192 ) (384 -768 192 ) (512 -768 192 ) 
4 140 159 (528 -1008 192 ) (528 -768 192 ) (768 -768 192 ) (768 -1008 192 ) 
4 140 143 (384 -768 192 ) (384 -1024 192 ) (384 -1024 408 ) (384 -120 408 ) 
4 141 165 (368 -184 192 ) (368 -488 192 ) (8 -488 192 ) (8 -184 192 ) 
4 141 162 (368 -8 192 ) (368 -184 192 ) (8 -184 192 ) (8 -8 192 ) 
4 141 161 (8 0 192 ) (368 0 192 ) (368 -8 192 ) (8 -8 192 ) 
4 142 312 (0 -1024 440 ) (0 -1024 1536 ) (0 0 1536 ) (0 0 440 ) 
4 142 206 (0 -1024 1536 ) (0 -1024 440 ) (384 -1024 440 ) (384 -1024 1536 ) 
4 142 143 (384 -24 440 ) (384 -1024 440 ) (368 -1024 440 ) (368 -24 440 ) 
4 142 144 (368 -1024 440 ) (0 -1024 440 ) (0 0 440 ) (368 0 440 ) 
4 143 206 (368 -1024 192 ) (384 -1024 192 ) (384 -1024 440 ) (368 -1024 440 ) 
4 143 160 (384 -1024 192 ) (368 -1024 192 ) (368 -768 192 ) (384 -768 192 ) 
4 143 144 (368 -1024 440 ) (368 -24 440 ) (368 -768 192 ) (368 -1024 192 ) 
5 144 312 (0 -1024 192 ) (0 -1024 440 ) (0 0 440 ) (0 0 362.666992 ) (0 -512 192 ) 
4 144 206 (0 -1024 440 ) (0 -1024 192 ) (368 -1024 192 ) (368 -1024 440 ) 
4 144 166 (368 -1024 192 ) (0 -1024 192 ) (0 -512 192 ) (368 -512 192 ) 
4 145 146 (832 -16 0 ) (960 -16 0 ) (960 -16 112 ) (832 -16 112 ) 
4 146 149 (784 -448 0 ) (784 -576 0 ) (784 -576 112 ) (784 -448 112 ) 
4 147 150 (1008 -640 184 ) (1008 -640 192 ) (784 -640 192 ) (784 -640 184 ) 
4 147 148 (784 -640 184 ) (784 -640 192 ) (784 -624 192 ) (784 -624 184 ) 
4 149 158 (768 -512 0 ) (768 -576 0 ) (768 -576 112 ) (768 -512 112 ) 
4 149 155 (768 -480 0 ) (768 -512 0 ) (768 -512 112 ) (768 -480 112 ) 
4 149 154 (768 -448 0 ) (768 -480 0 ) (768 -480 112 ) (768 -448 112 ) 
4 150 190 (784 -640 0 ) (1008 -640 0 ) (1008 -1008 0 ) (784 -1008 0 ) 
4 150 151 (784 -768 0 ) (784 -1008 0 ) (784 -1008 192 ) (784 -768 192 ) 
4 151 193 (768 -1008 0 ) (768 -768 0 ) (784 -768 0 ) (784 -1008 0 ) 
4 151 159 (768 -768 0 ) (768 -1008 0 ) (768 -1008 192 ) (768 -768 192 ) 
4 152 157 (768 -512 144 ) (768 -512 192 ) (384 -512 192 ) (384 -512 144 ) 
4 152 155 (768 -512 144 ) (512 -512 144 ) (448 -480 144 ) (768 -480 144 ) 
4 152 154 (384 -480 144 ) (384 -304 144 ) (768 -304 144 ) (768 -480 144 ) 
4 152 153 (384 -272 144 ) (384 -16 144 ) (768 -16 144 ) (768 -272 144 ) 
4 153 196 (384 -16 0 ) (768 -16 0 ) (768 -272 0 ) (384 -272 0 ) 
4 154 156 (384 -384 0 ) (384 -448 0 ) (384 -448 112 ) (384 -384 112 ) 
4 154 155 (768 -480 0 ) (768 -480 144 ) (448 -480 144 ) (448 -480 0 ) 
4 155 158 (512 -512 0 ) (768 -512 0 ) (768 -512 144 ) (512 -512 144 ) 
4 156 178 (368 -384 0 ) (368 -448 0 ) (368 -448 112 ) (368 -384 112 ) 
4 157 158 (512 -512 144 ) (768 -512 144 ) (768 -608 144 ) (704 -608 144 ) 
4 159 198 (528 -1008 0 ) (528 -768 0 ) (768 -768 0 ) (768 -1008 0 ) 
4 160 206 (512 -1024 192 ) (368 -1024 192 ) (368 -1024 0 ) (512 -1024 0 ) 
4 160 201 (384 -1024 0 ) (368 -1024 0 ) (368 -768 0 ) (384 -768 0 ) 
4 160 198 (512 -1024 0 ) (384 -1024 0 ) (384 -768 0 ) (512 -768 0 ) 
4 160 184 (368 -768 0 ) (368 -1024 0 ) (368 -1024 128 ) (368 -768 128 ) 
4 160 166 (368 -1024 128 ) (368 -1024 192 ) (368 -768 192 ) (368 -768 128 ) 
4 161 167 (8 0 128 ) (248 0 128 ) (248 -8 128 ) (8 -8 128 ) 
4 161 162 (8 -8 128 ) (368 -8 128 ) (368 -8 192 ) (8 -8 192 ) 
4 162 168 (368 -16 128 ) (368 -144 128 ) (320 -144 128 ) (320 -16 128 ) 
4 162 169 (368 -144 128 ) (368 -184 128 ) (320 -184 128 ) (320 -144 128 ) 
4 162 170 (320 -184 128 ) (8 -184 128 ) (8 -16 128 ) (320 -16 128 ) 
4 162 167 (8 -8 128 ) (248 -8 128 ) (248 -16 128 ) (8 -16 128 ) 
4 162 165 (8 -184 128 ) (368 -184 128 ) (368 -184 192 ) (8 -184 192 ) 
4 162 163 (8 -8 184 ) (8 -8 128 ) (8 -184 128 ) (8 -184 184 ) 
4 163 316 (0 -8 184 ) (0 -8 128 ) (0 -184 128 ) (0 -184 184 ) 
4 163 171 (0 -184 128 ) (0 -8 128 ) (8 -8 128 ) (8 -184 128 ) 
4 164 335 (0 -192 192 ) (0 -184 192 ) (0 -184 184 ) (0 -192 184 ) 
4 165 180 (256 -496 128 ) (96 -496 128 ) (96 -492 128 ) (256 -492 128 ) 
4 165 179 (96 -492 128 ) (96 -336 128 ) (256 -336 128 ) (256 -492 128 ) 
4 165 178 (368 -336 128 ) (368 -496 128 ) (256 -496 128 ) (256 -336 128 ) 
4 165 182 (96 -496 128 ) (8 -496 128 ) (8 -336 128 ) (96 -336 128 ) 
4 165 175 (8 -184 128 ) (320 -184 128 ) (320 -320 128 ) (8 -320 128 ) 
4 165 177 (320 -320 128 ) (320 -336 128 ) (8 -336 128 ) (8 -320 128 ) 
4 165 174 (368 -208 128 ) (368 -336 128 ) (320 -336 128 ) (320 -208 128 ) 
4 165 173 (320 -184 128 ) (368 -184 128 ) (368 -208 128 ) (320 -208 128 ) 
4 166 336 (0 -1024 128 ) (0 -1024 192 ) (0 -512 192 ) (0 -512 128 ) 
4 166 206 (368 -1024 192 ) (0 -1024 192 ) (0 -1024 128 ) (368 -1024 128 ) 
4 166 184 (0 -1024 128 ) (0 -512 128 ) (368 -512 128 ) (368 -1024 128 ) 
4 167 172 (8 -8 0 ) (8 -16 0 ) (8 -16 112 ) (8 -8 112 ) 
4 167 171 (8 -16 112 ) (8 -16 128 ) (8 -8 128 ) (8 -8 112 ) 
4 167 170 (8 -16 128 ) (8 -16 0 ) (248 -16 0 ) (248 -16 128 ) 
4 168 169 (320 -144 128 ) (320 -144 40 ) (368 -144 56 ) (368 -144 128 ) 
4 168 170 (320 -16 128 ) (320 -16 40 ) (320 -144 40 ) (320 -144 128 ) 
4 169 173 (320 -184 0 ) (368 -184 0 ) (368 -184 128 ) (320 -184 128 ) 
4 169 170 (320 -144 0 ) (320 -184 0 ) (320 -184 128 ) (320 -144 128 ) 
4 170 176 (8 -184 0 ) (320 -184 0 ) (320 -184 112 ) (8 -184 112 ) 
4 170 175 (320 -184 112 ) (320 -184 128 ) (8 -184 128 ) (8 -184 112 ) 
4 170 172 (8 -16 0 ) (8 -184 0 ) (8 -184 112 ) (8 -16 112 ) 
4 170 171 (8 -184 112 ) (8 -184 128 ) (8 -16 128 ) (8 -16 112 ) 
4 171 342 (0 -184 128 ) (0 -8 128 ) (0 -8 112 ) (0 -184 112 ) 
4 171 172 (8 -8 112 ) (8 -184 112 ) (0 -184 112 ) (0 -8 112 ) 
4 172 342 (0 -8 0 ) (0 -184 0 ) (0 -184 112 ) (0 -8 112 ) 
4 173 176 (320 -184 112 ) (320 -184 0 ) (320 -208 0 ) (320 -208 112 ) 
4 173 175 (320 -184 128 ) (320 -184 112 ) (320 -208 112 ) (320 -208 128 ) 
4 173 174 (320 -208 128 ) (320 -208 40 ) (368 -208 56 ) (368 -208 128 ) 
4 174 178 (368 -336 56 ) (368 -336 128 ) (320 -336 128 ) (320 -336 40 ) 
4 174 176 (320 -208 112 ) (320 -208 40 ) (320 -320 40 ) (320 -320 112 ) 
4 174 175 (320 -320 128 ) (320 -208 128 ) (320 -208 112 ) (320 -320 112 ) 
4 174 177 (320 -336 40 ) (320 -336 128 ) (320 -320 128 ) (320 -320 40 ) 
4 175 176 (320 -320 112 ) (8 -320 112 ) (8 -184 112 ) (320 -184 112 ) 
4 175 177 (320 -320 112 ) (320 -320 128 ) (8 -320 128 ) (8 -320 112 ) 
4 176 177 (8 -320 0 ) (320 -320 0 ) (320 -320 112 ) (8 -320 112 ) 
4 177 344 (0 -336 128 ) (0 -320 128 ) (0 -320 0 ) (0 -336 0 ) 
4 177 183 (0 -336 0 ) (8 -336 0 ) (8 -336 128 ) (0 -336 128 ) 
4 177 179 (96 -336 0 ) (256 -336 0 ) (256 -336 128 ) (96 -336 128 ) 
4 177 178 (256 -336 0 ) (320 -336 0 ) (320 -336 128 ) (256 -336 128 ) 
4 177 182 (8 -336 0 ) (96 -336 0 ) (96 -336 128 ) (8 -336 128 ) 
4 178 180 (256 -496 112 ) (256 -496 128 ) (256 -492 128 ) (256 -492 112 ) 
4 178 181 (256 -492 0 ) (256 -496 0 ) (256 -496 32 ) (256 -492 32 ) 
4 178 179 (256 -336 128 ) (256 -336 0 ) (256 -492 0 ) (256 -492 128 ) 
4 179 180 (96 -492 128 ) (96 -492 112 ) (256 -492 112 ) (256 -492 128 ) 
4 179 181 (96 -492 32 ) (96 -492 0 ) (256 -492 0 ) (256 -492 32 ) 
4 179 182 (96 -336 128 ) (96 -336 0 ) (96 -492 0 ) (96 -492 128 ) 
4 180 182 (96 -496 112 ) (96 -496 128 ) (96 -492 128 ) (96 -492 112 ) 
4 181 182 (96 -492 0 ) (96 -496 0 ) (96 -496 32 ) (96 -492 32 ) 
4 182 183 (8 -336 128 ) (8 -336 0 ) (8 -448 0 ) (8 -448 128 ) 
4 183 344 (0 -448 128 ) (0 -336 128 ) (0 -336 0 ) (0 -448 0 ) 
4 184 358 (0 -1024 0 ) (0 -1024 128 ) (0 -512 128 ) (0 -512 0 ) 
4 184 206 (0 -1024 128 ) (0 -1024 0 ) (368 -1024 0 ) (368 -1024 128 ) 
4 184 203 (368 -1024 0 ) (0 -1024 0 ) (0 -512 0 ) (368 -512 0 ) 
4 185 206 (1024 -1024 -32 ) (1024 -1024 0 ) (1008 -1024 0 ) (1008 -1024 -32 ) 
4 185 194 (1024 -640 -32 ) (1024 -1024 -32 ) (1008 -1024 -32 ) (1008 -640 -32 ) 
4 185 190 (1008 -640 -32 ) (1008 -1024 -32 ) (1008 -1024 0 ) (1008 -640 0 ) 
4 186 189 (960 -16 -32 ) (1008 -16 -32 ) (1008 -16 -16 ) (960 -16 -16 ) 
4 186 187 (960 0 -32 ) (960 -16 -32 ) (960 -16 -16 ) (960 0 -16 ) 
4 187 189 (832 -16 -32 ) (960 -16 -32 ) (960 -16 -16 ) (832 -16 -16 ) 
4 187 188 (832 0 -32 ) (832 -16 -32 ) (832 -16 -16 ) (832 0 -16 ) 
4 188 191 (784 0 -32 ) (784 -16 -32 ) (784 -16 0 ) (784 0 0 ) 
4 188 189 (784 -16 -16 ) (784 -16 -32 ) (832 -16 -32 ) (832 -16 -16 ) 
4 189 194 (1008 -256 -32 ) (1008 -624 -32 ) (784 -624 -32 ) (784 -256 -32 ) 
4 189 192 (784 -448 -32 ) (784 -576 -32 ) (784 -576 -16 ) (784 -448 -16 ) 
4 189 191 (784 -16 -32 ) (784 -448 -32 ) (784 -448 -16 ) (784 -16 -16 ) 
4 189 193 (784 -576 -32 ) (784 -624 -32 ) (784 -624 -16 ) (784 -576 -16 ) 
4 189 190 (784 -624 -16 ) (784 -624 -32 ) (1008 -624 -32 ) (1008 -624 -16 ) 
4 190 206 (1008 -1024 0 ) (784 -1024 0 ) (784 -1024 -32 ) (1008 -1024 -32 ) 
4 190 194 (1008 -624 -32 ) (1008 -1024 -32 ) (784 -1024 -32 ) (784 -624 -32 ) 
4 190 193 (784 -624 -32 ) (784 -1024 -32 ) (784 -1024 0 ) (784 -624 0 ) 
4 191 199 (768 0 -16 ) (768 0 -32 ) (768 -448 -32 ) (768 -448 -16 ) 
4 191 196 (768 -304 0 ) (768 0 0 ) (768 0 -16 ) (768 -304 -16 ) 
4 191 194 (768 -448 -32 ) (768 -256 -32 ) (784 -256 -32 ) (784 -448 -32 ) 
4 191 192 (768 -448 -16 ) (768 -448 -32 ) (784 -448 -32 ) (784 -448 -16 ) 
4 192 199 (768 -448 -16 ) (768 -448 -32 ) (768 -576 -32 ) (768 -576 -16 ) 
4 192 194 (768 -576 -32 ) (768 -448 -32 ) (784 -448 -32 ) (784 -576 -32 ) 
4 192 193 (768 -576 -16 ) (768 -576 -32 ) (784 -576 -32 ) (784 -576 -16 ) 
4 193 206 (784 -1024 0 ) (768 -1024 0 ) (768 -1024 -32 ) (784 -1024 -32 ) 
4 193 199 (768 -576 -16 ) (768 -576 -32 ) (768 -1024 -32 ) (768 -1024 -16 ) 
4 193 198 (768 -1024 0 ) (768 -608 0 ) (768 -608 -16 ) (768 -1024 -16 ) 
4 193 194 (768 -1024 -32 ) (768 -576 -32 ) (784 -576 -32 ) (784 -1024 -32 ) 
4 194 206 (1024 -1024 -48 ) (1024 -1024 -32 ) (768 -1024 -32 ) (768 -1024 -48 ) 
4 194 199 (768 -256 -48 ) (768 -1024 -48 ) (768 -1024 -32 ) (768 -256 -32 ) 
4 194 195 (1024 -1024 -48 ) (768 -1024 -48 ) (768 -256 -48 ) (1024 -256 -48 ) 
4 195 206 (1024 -1024 -512 ) (1024 -1024 -48 ) (768 -1024 -48 ) (768 -1024 -512 ) 
4 195 199 (768 0 -48 ) (768 0 -512 ) (768 -1024 -512 ) (768 -1024 -48 ) 
4 196 200 (384 -304 0 ) (384 0 0 ) (384 0 -16 ) (384 -304 -16 ) 
4 196 199 (384 -304 -16 ) (384 0 -16 ) (768 0 -16 ) (768 -304 -16 ) 
4 197 201 (384 -608 0 ) (384 -480 0 ) (384 -480 -16 ) (384 -608 -16 ) 
4 197 199 (384 -608 -16 ) (384 -480 -16 ) (448 -480 -16 ) (704 -608 -16 ) 
4 197 198 (384 -608 0 ) (384 -608 -16 ) (704 -608 -16 ) (704 -608 0 ) 
4 198 206 (768 -1024 -16 ) (768 -1024 0 ) (384 -1024 0 ) (384 -1024 -16 ) 
4 198 201 (384 -1024 -16 ) (384 -1024 0 ) (384 -608 0 ) (384 -608 -16 ) 
4 198 199 (384 -1024 -16 ) (384 -608 -16 ) (768 -608 -16 ) (768 -1024 -16 ) 
4 199 206 (768 -1024 -512 ) (768 -1024 -16 ) (384 -1024 -16 ) (384 -1024 -512 ) 
4 199 202 (384 -1024 -512 ) (384 -1024 -16 ) (384 0 -16 ) (384 0 -512 ) 
4 200 202 (368 -384 -16 ) (368 0 -16 ) (384 0 -16 ) (384 -384 -16 ) 
4 201 206 (384 -1024 -16 ) (384 -1024 0 ) (368 -1024 0 ) (368 -1024 -16 ) 
4 201 203 (368 -1024 0 ) (368 -496 0 ) (368 -496 -16 ) (368 -1024 -16 ) 
4 201 202 (368 -1024 -16 ) (368 -448 -16 ) (384 -448 -16 ) (384 -1024 -16 ) 
4 202 206 (384 -1024 -512 ) (384 -1024 -16 ) (368 -1024 -16 ) (368 -1024 -512 ) 
4 202 204 (368 0 -32 ) (368 0 -512 ) (368 -1024 -512 ) (368 -1024 -32 ) 
4 202 203 (368 -496 -32 ) (368 -1024 -32 ) (368 -1024 -16 ) (368 -496 -16 ) 
4 203 370 (0 -640 0 ) (0 -512 0 ) (0 -512 -24 ) (0 -720 -24 ) 
4 203 366 (0 -1024 -24 ) (0 -1024 0 ) (0 -640 0 ) (0 -720 -24 ) 
4 203 206 (368 -1024 -32 ) (368 -1024 0 ) (0 -1024 0 ) (0 -1024 -32 ) 
4 203 204 (368 -496 -32 ) (368 -1024 -32 ) (0 -1024 -32 ) (0 -496 -32 ) 
4 204 373 (0 -1024 -512 ) (0 -1024 -40 ) (0 0 -40 ) (0 0 -512 ) 
4 204 372 (0 -512 -32 ) (0 0 -32 ) (0 0 -40 ) (0 -512 -40 ) 
4 204 206 (368 -1024 -512 ) (368 -1024 -32 ) (0 -1024 -32 ) (0 -1024 -512 ) 
4 205 208 (2048 -2048 -512 ) (2048 -2048 1536 ) (1024 -2048 1536 ) (1024 -2048 -512 ) 
4 205 206 (1024 -1024 1536 ) (1024 -1024 -512 ) (1024 -2048 -512 ) (1024 -2048 1536 ) 
4 206 389 (0 -2048 -512 ) (0 -2048 -56 ) (0 -1280 -56 ) (0 -1280 -512 ) 
4 206 388 (0 -2048 -56 ) (0 -2048 -40 ) (0 -1792 -40 ) (0 -1792 -56 ) 
4 206 387 (0 -2048 -40 ) (0 -2048 1536 ) (0 -1280 1536 ) (0 -1280 -40 ) 
4 206 382 (0 -1024 -24 ) (0 -1024 -40 ) (0 -1280 -40 ) (0 -1280 -24 ) 
4 206 383 (0 -1024 -56 ) (0 -1024 -512 ) (0 -1280 -512 ) (0 -1280 -56 ) 
4 206 378 (0 -1024 64 ) (0 -1024 -24 ) (0 -1280 -24 ) (0 -1280 64 ) 
4 206 377 (0 -1280 1536 ) (0 -1024 1536 ) (0 -1024 64 ) (0 -1280 64 ) 
4 206 209 (0 -2048 1536 ) (0 -2048 -512 ) (1024 -2048 -512 ) (1024 -2048 1536 ) 
4 207 208 (2048 -2048 1536 ) (2048 -2048 -512 ) (2048 -3072 -512 ) (2048 -3072 1536 ) 
4 208 209 (1024 -3072 -512 ) (1024 -3072 1536 ) (1024 -2048 1536 ) (1024 -2048 -512 ) 
4 209 399 (0 -3072 -512 ) (0 -3072 1536 ) (0 -2048 1536 ) (0 -2048 -512 ) 
4 210 215 (0 2048 -512 ) (0 2048 -48 ) (-1024 2048 -48 ) (-1024 2048 -512 ) 
4 210 214 (0 2048 -48 ) (0 2048 -32 ) (-1024 2048 -32 ) (-1024 2048 -48 ) 
4 210 213 (0 2048 -32 ) (0 2048 1536 ) (-1024 2048 1536 ) (-1024 2048 -32 ) 
4 210 211 (-1024 2048 -512 ) (-1024 2048 1536 ) (-1024 2560 1536 ) (-1024 2560 -512 ) 
4 211 301 (-1024 2048 -512 ) (-1024 2048 -32 ) (-1280 2048 -32 ) (-1280 2048 -512 ) 
4 211 303 (-1280 2048 -32 ) (-2048 2048 -32 ) (-2048 2048 -512 ) (-1280 2048 -512 ) 
4 211 300 (-1024 2048 -32 ) (-1024 2048 1536 ) (-2048 2048 1536 ) (-2048 2048 -32 ) 
4 211 212 (-2048 2048 -512 ) (-2048 2048 1536 ) (-2048 2560 1536 ) (-2048 2560 -512 ) 
4 212 309 (-3072 2048 -512 ) (-3072 2048 1536 ) (-3072 2560 1536 ) (-3072 2560 -512 ) 
4 212 304 (-2048 2048 -512 ) (-2048 2048 1536 ) (-3072 2048 1536 ) (-3072 2048 -512 ) 
4 213 300 (-1024 2048 1536 ) (-1024 2048 -32 ) (-1024 1024 -32 ) (-1024 1024 1536 ) 
4 213 286 (-64 1024 -24 ) (-1024 1024 -24 ) (-1024 1024 -32 ) (-64 1024 -32 ) 
4 213 285 (0 1024 -24 ) (0 1024 0 ) (-1024 1024 0 ) (-1024 1024 -24 ) 
4 213 281 (-512 1024 192 ) (-544 1024 192 ) (-544 1024 0 ) (-512 1024 0 ) 
4 213 284 (-544 1024 192 ) (-1024 1024 192 ) (-1024 1024 0 ) (-544 1024 0 ) 
4 213 225 (0 1024 0 ) (0 1024 184 ) (-512 1024 184 ) (-512 1024 0 ) 
4 213 221 (0 1024 184 ) (0 1024 192 ) (-512 1024 192 ) (-512 1024 184 ) 
4 213 216 (0 1024 192 ) (0 1024 1536 ) (-8 1024 1536 ) (-8 1024 192 ) 
4 213 217 (-8 1024 1536 ) (-1024 1024 1536 ) (-1024 1024 192 ) (-8 1024 192 ) 
4 213 214 (-1024 1280 -32 ) (-1024 2048 -32 ) (0 2048 -32 ) (0 1280 -32 ) 
4 214 301 (-1024 2048 -32 ) (-1024 2048 -48 ) (-1024 1280 -48 ) (-1024 1280 -32 ) 
4 214 215 (-1024 1280 -48 ) (-1024 2048 -48 ) (0 2048 -48 ) (0 1280 -48 ) 
4 215 302 (-1024 1280 -512 ) (-1024 1024 -512 ) (-1024 1024 -48 ) (-1024 1280 -48 ) 
4 215 301 (-1024 2048 -48 ) (-1024 2048 -512 ) (-1024 1280 -512 ) (-1024 1280 -48 ) 
4 215 287 (0 1024 -512 ) (0 1024 -48 ) (-1024 1024 -48 ) (-1024 1024 -512 ) 
4 216 221 (-8 1024 192 ) (0 1024 192 ) (0 512 192 ) (-8 512 192 ) 
4 216 218 (0 256 440 ) (0 256 1536 ) (-8 256 1536 ) (-8 256 440 ) 
5 216 217 (-8 1024 192 ) (-8 512 192 ) (-8 256 277.333038 ) (-8 256 1536 ) (-8 1024 1536 ) 
4 217 305 (-1024 1024 1536 ) (-1024 1024 192 ) (-1024 256 192 ) (-1024 256 1536 ) 
4 217 281 (-544 1024 192 ) (-512 1024 192 ) (-512 256 192 ) (-544 256 192 ) 
4 217 284 (-1024 256 192 ) (-1024 1024 192 ) (-544 1024 192 ) (-544 256 192 ) 
4 217 224 (-512 384 192 ) (-512 496 192 ) (-496 496 192 ) (-496 400 192 ) 
3 217 223 (-496 400 192 ) (-496 496 192 ) (-400 496 192 ) 
4 217 222 (-400 496 192 ) (-512 496 192 ) (-512 512 192 ) (-384 512 192 ) 
4 217 221 (-512 1024 192 ) (-8 1024 192 ) (-8 512 192 ) (-512 512 192 ) 
4 217 220 (-1024 256 440 ) (-1024 256 192 ) (-8 256 192 ) (-8 256 440 ) 
4 217 218 (-1024 256 1536 ) (-1024 256 440 ) (-8 256 440 ) (-8 256 1536 ) 
4 218 312 (0 0 440 ) (0 0 1536 ) (-8 0 1536 ) (-8 0 440 ) 
4 218 313 (-8 0 1536 ) (-1024 0 1536 ) (-1024 0 440 ) (-8 0 440 ) 
4 218 305 (-1024 0 440 ) (-1024 0 1536 ) (-1024 256 1536 ) (-1024 256 440 ) 
4 218 219 (0 0 440 ) (-8 0 440 ) (-8 231.998657 440 ) (0 231.998657 440 ) 
4 218 220 (-8 0 440 ) (-1024 0 440 ) (-1024 256 440 ) (-8 256 440 ) 
4 219 312 (0 0 362.666992 ) (0 0 440 ) (-8 0 440 ) (-8 0 362.666992 ) 
3 219 220 (-8 0 440 ) (-8 231.998657 440 ) (-8 0 362.666992 ) 
4 220 313 (-8 0 440 ) (-1024 0 440 ) (-1024 0 192 ) (-8 0 192 ) 
4 220 305 (-1024 0 192 ) (-1024 0 440 ) (-1024 256 440 ) (-1024 256 192 ) 
4 220 282 (-544 208 192 ) (-544 240 192 ) (-512 240 192 ) (-512 208 192 ) 
4 220 281 (-544 240 192 ) (-544 256 192 ) (-512 256 192 ) (-512 240 192 ) 
4 220 283 (-512 0 192 ) (-544 0 192 ) (-544 208 192 ) (-512 208 192 ) 
4 220 284 (-544 0 192 ) (-1024 0 192 ) (-1024 256 192 ) (-544 256 192 ) 
4 221 281 (-512 512 192 ) (-512 1024 192 ) (-512 1024 184 ) (-512 512 184 ) 
4 221 225 (-512 512 184 ) (-512 1024 184 ) (0 1024 184 ) (0 512 184 ) 
4 221 222 (-512 512 192 ) (-512 512 184 ) (-384 512 184 ) (-384 512 192 ) 
4 222 281 (-512 496 192 ) (-512 512 192 ) (-512 512 184 ) (-512 496 184 ) 
4 222 230 (-512 496 184 ) (-512 512 184 ) (-384 512 184 ) (-400 496 184 ) 
4 222 224 (-512 496 192 ) (-512 496 184 ) (-496 496 184 ) (-496 496 192 ) 
4 222 223 (-496 496 184 ) (-400 496 184 ) (-400 496 192 ) (-496 496 192 ) 
3 223 230 (-496 400 184 ) (-496 496 184 ) (-400 496 184 ) 
4 223 224 (-496 496 192 ) (-496 496 184 ) (-496 400 184 ) (-496 400 192 ) 
4 224 281 (-512 384 192 ) (-512 496 192 ) (-512 496 184 ) (-512 384 184 ) 
4 224 230 (-512 384 184 ) (-512 496 184 ) (-496 496 184 ) (-496 400 184 ) 
4 225 288 (0 768 0 ) (0 512 0 ) (-512 512 0 ) (-512 768 0 ) 
4 225 285 (-512 1024 0 ) (0 1024 0 ) (0 768 0 ) (-512 768 0 ) 
4 225 281 (-512 1024 0 ) (-512 512 0 ) (-512 512 184 ) (-512 1024 184 ) 
4 225 239 (-512 512 8 ) (-512 512 0 ) (-384 512 0 ) (-384 512 8 ) 
4 225 235 (-336 512 184 ) (-368 512 184 ) (-368 512 8 ) (-336 512 8 ) 
4 225 233 (-278 512 184 ) (-336 512 184 ) (-336 512 8 ) (-278 512 8 ) 
4 225 231 (-64 512 184 ) (-278 512 184 ) (-278 512 8 ) (-64 512 8 ) 
4 225 230 (-384 512 184 ) (-512 512 184 ) (-512 512 8 ) (-384 512 8 ) 
4 226 250 (-12 384 184 ) (-64 384 184 ) (-64 384 112 ) (-12 384 112 ) 
4 226 246 (-8 384 184 ) (-12 384 184 ) (-12 384 112 ) (-8 384 112 ) 
4 226 231 (-64 496 112 ) (-64 384 112 ) (-64 384 184 ) (-64 496 184 ) 
4 226 227 (-12 464 112 ) (-12 496 112 ) (-8 496 112 ) (-8 464 112 ) 
4 226 229 (-12 384 112 ) (-64 384 112 ) (-64 496 112 ) (-12 496 112 ) 
4 227 228 (-12 464 32 ) (-12 464 0 ) (-8 464 0 ) (-8 464 32 ) 
4 227 229 (-12 496 112 ) (-12 496 0 ) (-12 464 0 ) (-12 464 112 ) 
4 228 246 (-12 384 0 ) (-8 384 0 ) (-8 384 32 ) (-12 384 32 ) 
4 228 229 (-12 464 0 ) (-12 384 0 ) (-12 384 32 ) (-12 464 32 ) 
4 229 250 (-64 384 112 ) (-64 384 0 ) (-12 384 0 ) (-12 384 112 ) 
4 229 240 (-64 496 0 ) (-64 384 0 ) (-64 384 8 ) (-64 496 8 ) 
4 229 231 (-64 384 8 ) (-64 384 112 ) (-64 496 112 ) (-64 496 8 ) 
4 230 281 (-512 384 8 ) (-512 384 184 ) (-512 512 184 ) (-512 512 8 ) 
3 230 239 (-512 512 8 ) (-384 512 8 ) (-512 384 8 ) 
4 230 238 (-499.998047 395.998047 8 ) (-395.998047 499.998047 8 ) (-395.998047 499.998047 184 ) (-499.998047 395.998047 184 ) 
4 231 250 (-64 384 184 ) (-278 384 184 ) (-278 384 8 ) (-64 384 8 ) 
4 231 240 (-64 496 8 ) (-64 384 8 ) (-278 384 8 ) (-278 496 8 ) 
4 231 234 (-278 486.003021 152 ) (-278 487.680054 184 ) (-278 489.682526 184 ) (-278 488 151.895004 ) 
4 231 233 (-278 512 184 ) (-278 512 8 ) (-278 480.458832 8 ) (-278 489.682526 184 ) 
4 231 232 (-278 478.456360 8 ) (-278 384 8 ) (-278 384 184 ) (-278 487.680054 184 ) 
4 232 250 (-278 384 184 ) (-390 384 184 ) (-390 384 8 ) (-278 384 8 ) 
4 232 242 (-278 478.456360 8 ) (-278 384 8 ) (-390 384 8 ) (-390 478.456360 8 ) 
4 232 238 (-390 478.456329 8 ) (-390 384 8 ) (-390 384 184 ) (-390 487.680054 184 ) 
4 232 237 (-390 486.002960 152 ) (-390 487.679993 184 ) (-384.639923 487.679993 184 ) (-387.994019 486.002960 152 ) 
4 232 234 (-278 487.680145 184 ) (-278 486.003113 152 ) (-387.994019 486.002960 152 ) (-384.639923 487.679993 184 ) 
6 233 241 (-278 496 8 ) (-278 480.458832 8 ) (-390 480.458832 8 ) (-390 482 8 ) (-384 488 8 ) (-368 496 8 ) 
3 233 238 (-390 485 8 ) (-390 480.458832 8 ) (-390 485 94.650047 ) 
4 233 236 (-390 485 8 ) (-390 485 94.650978 ) (-384 488 151.895294 ) (-384 488 8 ) 
4 233 235 (-368 496 184 ) (-336 512 184 ) (-336 512 8 ) (-368 496 8 ) 
4 233 234 (-380.635040 489.682739 184 ) (-384 488 151.895004 ) (-278 488 151.894989 ) (-278 489.682892 184 ) 
4 234 237 (-387.993774 486.003113 152 ) (-384.639709 487.680145 184 ) (-384 488 184 ) (-384 488 151.895004 ) 
5 236 238 (-390 494 8 ) (-390 485 8 ) (-390 485 94.650040 ) (-390 489.682526 184 ) (-390 494 184 ) 
4 236 237 (-390 489.682648 184 ) (-390 488 151.895004 ) (-384 488 151.894989 ) (-385.682648 489.682678 184 ) 
4 237 238 (-390 486.003021 152 ) (-390 487.680054 184 ) (-390 489.682526 184 ) (-390 488 151.895020 ) 
4 238 250 (-390 384 184 ) (-488 384 184 ) (-488 384 8 ) (-390 384 8 ) 
3 238 244 (-390 384 8 ) (-488 384 8 ) (-390 482 8 ) 
3 239 289 (-512 384 0 ) (-512 512 0 ) (-384 512 0 ) 
4 239 281 (-512 512 0 ) (-512 384 0 ) (-512 384 8 ) (-512 512 8 ) 
4 240 250 (-278 384 0 ) (-64 384 0 ) (-64 384 8 ) (-278 384 8 ) 
4 240 243 (-278 480.039581 0 ) (-278 478.037109 0 ) (-278 478.048035 0.208309 ) (-278 480.045013 0.103639 ) 
4 240 242 (-278 478.037109 0 ) (-278 384 0 ) (-278 384 8 ) (-278 478.456360 8 ) 
4 240 241 (-278 496 8 ) (-278 496 0 ) (-278 480.039581 0 ) (-278 480.458832 8 ) 
4 241 244 (-390 482 0 ) (-390 480.039581 0 ) (-390 480.458832 8 ) (-390 482 8 ) 
4 242 250 (-390 384 0 ) (-278 384 0 ) (-278 384 8 ) (-390 384 8 ) 
4 242 244 (-390 478.037109 0 ) (-390 384 0 ) (-390 384 8 ) (-390 478.456360 8 ) 
4 242 243 (-278 478.048065 0.208307 ) (-278 478.037140 0 ) (-390 478.037292 0 ) (-390 478.048218 0.208300 ) 
4 243 244 (-390 480.039581 0 ) (-390 478.037109 0 ) (-390 478.048035 0.208309 ) (-390 480.045013 0.103639 ) 
4 244 250 (-488 384 0 ) (-390 384 0 ) (-390 384 8 ) (-488 384 8 ) 
4 245 246 (-8 336 0 ) (-8 272 0 ) (-8 272 112 ) (-8 336 112 ) 
4 246 253 (-12 224 25.052488 ) (-12 224 177.339508 ) (-12 320 177.339508 ) (-12 320 25.052490 ) 
4 246 252 (-12 320 0 ) (-12 224 0 ) (-12 224 25.052488 ) (-12 320 25.052490 ) 
4 246 251 (-12 224 177.339508 ) (-12 224 184 ) (-12 320 184 ) (-12 320 177.339508 ) 
4 246 250 (-12 384 184 ) (-12 384 0 ) (-12 320 0 ) (-12 320 184 ) 
4 246 247 (-12 224 184 ) (-12 224 112 ) (-8 224 112 ) (-8 224 184 ) 
4 246 248 (-12 224 32 ) (-12 224 0 ) (-8 224 0 ) (-8 224 32 ) 
4 247 272 (-12 47.715137 156 ) (-12 57.947472 156 ) (-12 57.947433 141.226974 ) (-12 44.655170 143.744736 ) 
4 247 271 (-12 32 146.141815 ) (-12 32 156 ) (-12 47.715137 156 ) (-12 44.655170 143.744736 ) 
4 247 263 (-12 32 156 ) (-12 32 184 ) (-12 52 184 ) (-12 52 156 ) 
4 247 259 (-12 52 184 ) (-12 57.947540 184 ) (-12 57.947472 156 ) (-12 52 156 ) 
4 247 257 (-12 57.947540 184 ) (-12 208 184 ) (-12 208 112.804703 ) (-12 57.947433 141.226974 ) 
4 247 255 (-12 32 112 ) (-12 32 146.141815 ) (-12 208 112.804703 ) (-12 208 112 ) 
4 247 253 (-12 224 177.339508 ) (-12 224 112 ) (-12 208 112 ) (-12 208 177.339508 ) 
4 247 251 (-12 208 184 ) (-12 224 184 ) (-12 224 177.339508 ) (-12 208 177.339508 ) 
4 247 249 (-12 32 184 ) (-12 32 112 ) (-8 32 112 ) (-8 32 184 ) 
4 248 255 (-12 208 0 ) (-12 32 0 ) (-12 32 32 ) (-12 208 32 ) 
4 248 253 (-12 208 25.052486 ) (-12 208 32 ) (-12 224 32 ) (-12 224 25.052486 ) 
4 248 252 (-12 224 0 ) (-12 208 0 ) (-12 208 25.052486 ) (-12 224 25.052486 ) 
4 248 249 (-12 32 32 ) (-12 32 0 ) (-8 32 0 ) (-8 32 32 ) 
4 249 275 (-12 12 0 ) (-12 8 0 ) (-12 8 184 ) (-12 12 184 ) 
4 249 271 (-12 12 149.930130 ) (-12 12 156 ) (-12 32 156 ) (-12 32 146.141815 ) 
4 249 263 (-12 12 156 ) (-12 12 184 ) (-12 32 184 ) (-12 32 156 ) 
4 249 255 (-12 32 0 ) (-12 12 0 ) (-12 12 149.930130 ) (-12 32 146.141815 ) 
4 250 280 (-496 320 8 ) (-496 320 184 ) (-496 368 184 ) (-496 368 8 ) 
5 250 254 (-496 320 151.892487 ) (-496 320 0 ) (-489.974335 320 0 ) (-487.997009 320 0.103640 ) (-495.951996 320 151.895004 ) 
4 250 253 (-486 320 0.208309 ) (-12 320 25.052488 ) (-12 320 177.339508 ) (-493.955048 320 152 ) 
3 250 252 (-489.974335 320 0 ) (-12 320 0 ) (-12 320 25.052488 ) 
4 250 251 (-496 320 184 ) (-496 320 151.892487 ) (-12 320 177.339508 ) (-12 320 184 ) 
4 251 280 (-496 256 184 ) (-496 320 184 ) (-496 320 151.892487 ) (-496 256 151.892502 ) 
4 251 258 (-252.562332 208 164.691589 ) (-162.052673 208 169.450272 ) (-162.052628 208 184 ) (-252.562332 208 184 ) 
4 251 257 (-162.052673 208 169.450272 ) (-12 208 177.339508 ) (-12 208 184 ) (-162.052628 208 184 ) 
4 251 256 (-496 208 184 ) (-496 208 151.892487 ) (-252.562332 208 164.691589 ) (-252.562332 208 184 ) 
4 251 253 (-12 208 177.339355 ) (-493.955017 208 152 ) (-493.955017 320 152 ) (-12 320 177.339355 ) 
3 252 255 (-489.974335 208 0 ) (-12 208 0 ) (-12 208 25.052488 ) 
4 252 254 (-487.997009 320 0.103645 ) (-489.974426 320 0 ) (-489.972809 208 0 ) (-487.997009 208 0.103561 ) 
4 252 253 (-12 320 25.052490 ) (-486 320 0.208313 ) (-486 208 0.208230 ) (-12 208 25.052490 ) 
4 253 258 (-162.052673 208 169.450272 ) (-252.562332 208 164.691589 ) (-252.562347 208 67.238480 ) (-162.052887 208 84.382370 ) 
4 253 257 (-12 208 112.804703 ) (-12 208 177.339508 ) (-162.052673 208 169.450272 ) (-162.052887 208 84.382370 ) 
4 253 256 (-252.562332 208 164.691589 ) (-493.955048 208 152 ) (-487.183868 208 22.797546 ) (-252.562347 208 67.238480 ) 
4 253 255 (-486 208 0.208309 ) (-12 208 25.052488 ) (-12 208 112.804703 ) (-487.183868 208 22.797546 ) 
4 254 280 (-496 256 151.892502 ) (-496 320 151.892487 ) (-496 320 8 ) (-496 256 8 ) 
4 254 256 (-496 208 151.892487 ) (-496 208 21.127655 ) (-489.166656 208 22.421993 ) (-495.951996 208 151.895004 ) 
5 254 255 (-496 208 21.127655 ) (-496 208 0 ) (-489.974335 208 0 ) (-487.997009 208 0.103640 ) (-489.166656 208 22.421993 ) 
3 255 276 (-32 12 112 ) (-32 12 146.141815 ) (-212.248383 12 112 ) 
4 255 277 (-224 12 0 ) (-32 12 0 ) (-32 12 32 ) (-224 12 32 ) 
4 255 275 (-32 12 0 ) (-12 12 0 ) (-12 12 149.930130 ) (-32 12 146.141815 ) 
4 255 278 (-496 12 58.253075 ) (-496 12 0 ) (-224 12 0 ) (-224 12 109.774063 ) 
3 255 273 (-69.254913 24.692705 136.681564 ) (-35.698429 36.392574 140.821548 ) (-24 69.947525 136.681641 ) 
4 255 272 (-35.698429 36.392574 140.821548 ) (-12 44.655315 143.745316 ) (-12 57.947426 141.227615 ) (-24 69.947525 136.681641 ) 
4 255 271 (-69.254913 24.692705 136.681564 ) (-56.562195 12 141.489929 ) (-12 12 149.930664 ) (-12 44.655315 143.745316 ) 
4 255 258 (-162.052887 208 84.383339 ) (-252.562363 208 67.239449 ) (-71.987030 27.424820 135.646561 ) (-26.732220 72.679619 135.646637 ) 
3 255 257 (-12 208 112.805664 ) (-162.052887 208 84.383339 ) (-12 57.947426 141.227615 ) 
4 255 256 (-252.562363 208 67.239449 ) (-496 208 21.128609 ) (-496 12 58.253918 ) (-56.562195 12 141.489929 ) 
5 256 276 (-212.248383 12 112 ) (-56.562195 12 141.489365 ) (-56.562187 12 184 ) (-224 12 184 ) (-224 12 112 ) 
4 256 278 (-496 12 184 ) (-496 12 58.253075 ) (-224 12 109.774063 ) (-224 12 184 ) 
4 256 271 (-56.566402 12 156 ) (-56.566406 12 141.490234 ) (-69.258217 24.691807 136.682190 ) (-72.918243 28.351831 156 ) 
4 256 269 (-79.309494 34.743088 174.283005 ) (-80.774025 36.207619 182.012680 ) (-76.578964 32.012558 175.321503 ) (-76.578415 32.012012 175.318619 ) 
4 256 268 (-80.774025 36.207619 182.012680 ) (-81.150558 36.584152 184 ) (-78.223228 33.656822 184 ) (-76.578964 32.012558 175.321503 ) 
4 256 267 (-56.566399 12 184 ) (-56.566402 12 156 ) (-72.918243 28.351831 156 ) (-78.223228 33.656822 184 ) 
4 256 258 (-71.989304 27.422888 135.647568 ) (-252.566528 208 67.239403 ) (-252.566513 208 184 ) (-81.150558 36.584152 184 ) 
4 257 272 (-24 69.945786 136.680832 ) (-12 57.945313 141.227051 ) (-12 57.945351 156 ) (-27.660870 73.606232 156 ) 
3 257 261 (-35.518093 81.463531 182.012604 ) (-34.053585 80 174.283005 ) (-31.321098 77.266518 175.318298 ) 
4 257 260 (-32.966015 78.911461 184 ) (-35.894642 81.840088 184 ) (-35.518093 81.463531 182.012604 ) (-31.321098 77.266518 175.318298 ) 
4 257 259 (-12 57.945351 156 ) (-12 57.945423 184 ) (-32.966015 78.911461 184 ) (-27.660870 73.606232 156 ) 
4 257 258 (-162.054428 208 184 ) (-162.054688 208 84.380859 ) (-26.733063 72.678375 135.645630 ) (-35.894642 81.840088 184 ) 
4 258 269 (-80.773613 36.213062 182.016693 ) (-79.308205 34.747654 174.282394 ) (-52 62.056145 174.282333 ) (-52 64.987114 182.016998 ) 
4 258 268 (-81.149384 36.588837 184 ) (-80.773613 36.213062 182.016693 ) (-52 64.987114 182.016998 ) (-52 65.738548 184 ) 
4 258 261 (-34.053024 80.003311 174.282303 ) (-35.518528 81.468834 182.017166 ) (-52 64.987114 182.016998 ) (-52 62.056145 174.282333 ) 
4 258 260 (-35.518528 81.468834 182.017166 ) (-35.894211 81.844521 184 ) (-52 65.738548 184 ) (-52 64.987114 182.016998 ) 
4 259 272 (-27.659937 73.609161 156 ) (-12 57.949238 156 ) (-12 52 156 ) (-34.527878 52 156 ) 
3 259 265 (-34.527878 52 156 ) (-32.364258 52 156 ) (-35.065842 52 158.154541 ) 
5 259 263 (-32.364258 52 156 ) (-12 52 156 ) (-12 52 184 ) (-41.519157 52 184 ) (-35.065842 52 158.154541 ) 
4 259 262 (-30.391411 65.020187 156 ) (-34.529297 52 156 ) (-35.067589 52 158.155930 ) (-32.783512 67.412582 168.626007 ) 
4 259 260 (-35.067589 52 158.155930 ) (-41.520309 52 184 ) (-32.966736 78.914261 184 ) (-31.322662 77.270164 175.322464 ) 
4 260 268 (-52 65.735458 184 ) (-52 64.982666 182.013458 ) (-52 52 171.659683 ) (-52 52 184 ) 
4 260 263 (-44 52 165.279617 ) (-35.065842 52 158.154541 ) (-41.519157 52 184 ) (-44 52 184 ) 
3 260 262 (-32.784008 67.410019 168.620529 ) (-35.067871 52 158.152344 ) (-48.194054 52 168.620590 ) 
4 260 261 (-31.322672 77.270164 175.318634 ) (-52 56.592293 175.318253 ) (-52 64.979576 182.007172 ) (-35.516365 81.463875 182.007645 ) 
3 261 269 (-52 64.982666 182.013458 ) (-52 62.053207 174.282898 ) (-52 56.588428 175.318985 ) 
4 262 274 (-30.388950 65.022644 156 ) (-33.675812 54.680923 156 ) (-36.356735 52 156 ) (-43.411598 52 156 ) 
3 262 273 (-33.675812 54.680923 156 ) (-34.527878 52 156 ) (-36.356735 52 156 ) 
5 262 265 (-43.411598 52 156 ) (-34.527878 52 156 ) (-35.065842 52 158.154541 ) (-44 52 165.279602 ) (-44 52 157.552750 ) 
4 263 276 (-32 12 184 ) (-44 12 184 ) (-44 12 156 ) (-32 12 156 ) 
4 263 275 (-12 12 156 ) (-12 12 184 ) (-32 12 184 ) (-32 12 156 ) 
4 263 273 (-38.574337 39.268295 156 ) (-44 37.543709 156 ) (-44 40.364227 156 ) (-35.535915 48.828331 156 ) 
5 263 272 (-12 52 156 ) (-12 47.715141 156 ) (-38.574337 39.268295 156 ) (-35.535915 48.828331 156 ) (-32.364254 52 156 ) 
4 263 271 (-12 47.715141 156 ) (-12 12 156 ) (-44 12 156 ) (-44 37.543709 156 ) 
3 263 265 (-44 52 165.276184 ) (-32.368561 52 156 ) (-44 40.367748 156 ) 
5 263 264 (-44 44 158.897278 ) (-44 40.367073 156 ) (-44 12 156 ) (-44 12 184 ) (-44 44 184 ) 
4 264 276 (-44 12 184 ) (-52 12 184 ) (-52 12 156 ) (-44 12 156 ) 
3 264 273 (-48.134781 36.229439 156 ) (-44 40.364227 156 ) (-44 37.543709 156 ) 
5 264 271 (-44 12 156 ) (-52 12 156 ) (-52 32.364212 156 ) (-48.134781 36.229439 156 ) (-44 37.543709 156 ) 
4 264 268 (-52 41.992065 184 ) (-52 44 184 ) (-52 44 165.279633 ) (-52 35.656414 158.625565 ) 
5 264 267 (-52 32.364212 156 ) (-52 12 156 ) (-52 12 184 ) (-52 41.992065 184 ) (-52 35.656414 158.625565 ) 
4 264 266 (-52 32.367188 156 ) (-52 44 165.276627 ) (-44 44 158.896561 ) (-44 40.367748 156 ) 
4 265 274 (-43.411598 52 156 ) (-36.356735 52 156 ) (-44 44.356731 156 ) (-44 51.411598 156 ) 
5 265 273 (-36.356735 52 156 ) (-34.527878 52 156 ) (-35.535915 48.828331 156 ) (-44 40.364227 156 ) (-44 44.356731 156 ) 
3 265 272 (-34.527878 52 156 ) (-32.364254 52 156 ) (-35.535915 48.828331 156 ) 
3 265 266 (-44 40.359375 156 ) (-44 44 158.902725 ) (-44 44 156 ) 
4 266 274 (-52 36.356724 156 ) (-52 43.411598 156 ) (-51.411598 44 156 ) (-44.356728 44 156 ) 
6 266 273 (-52 35 156 ) (-52 36.356724 156 ) (-44.356728 44 156 ) (-44 44 156 ) (-44 40.364227 156 ) (-48.134781 36.229435 156 ) 
3 266 271 (-52 32.364212 156 ) (-52 35 156 ) (-48.134781 36.229435 156 ) 
5 266 270 (-52 43.411598 156 ) (-52 35 156 ) (-52 35.656414 158.625565 ) (-52 44 165.279633 ) (-52 44 157.552750 ) 
3 266 267 (-52 35 156 ) (-52 32.364212 156 ) (-52 35.656414 158.625565 ) 
4 267 276 (-52 12 184 ) (-56.562187 12 184 ) (-56.562191 12 156 ) (-52 12 156 ) 
4 267 271 (-56.569019 12 156 ) (-72.918541 28.351738 156 ) (-52 35 156 ) (-52 12 156 ) 
4 267 270 (-52 35.656570 158.625671 ) (-52 35 156 ) (-64.329704 31.081890 156 ) (-66.722130 33.473999 168.626099 ) 
4 267 268 (-52 41.992191 184 ) (-52 35.656570 158.625671 ) (-76.575439 32.013237 175.319229 ) (-78.220131 33.657928 184 ) 
3 268 270 (-52 35.655273 158.625000 ) (-66.723869 33.472443 168.626602 ) (-52 48.196228 168.626358 ) 
4 268 269 (-76.575111 32.012917 175.319061 ) (-80.771919 36.209721 182.012985 ) (-52 64.980469 182.011719 ) (-52 56.588314 175.319016 ) 
4 270 274 (-52 43.411598 156 ) (-52 36.356724 156 ) (-53.987671 34.369049 156 ) (-64.329887 31.081703 156 ) 
3 270 273 (-52 36.356724 156 ) (-52 35 156 ) (-53.987671 34.369049 156 ) 
4 271 276 (-56.562195 12 141.489365 ) (-32 12 146.141815 ) (-32 12 156 ) (-56.562191 12 156 ) 
4 271 275 (-32 12 146.141815 ) (-12 12 149.930130 ) (-12 12 156 ) (-32 12 156 ) 
3 271 274 (-64.331375 31.080219 156 ) (-53.989159 34.367569 156 ) (-62.330521 29.080980 145.444016 ) 
5 271 273 (-69.253906 24.692383 136.679688 ) (-69.254333 24.692808 136.681931 ) (-53.989159 34.367569 156 ) (-38.574692 39.267170 156 ) (-35.698410 36.391689 140.820358 ) 
4 271 272 (-38.574692 39.267170 156 ) (-12 47.714130 156 ) (-12 44.654270 143.744675 ) (-35.698410 36.391689 140.820358 ) 
3 272 274 (-33.676670 54.680061 156 ) (-30.389807 65.021790 156 ) (-28.389881 63.021870 145.444641 ) 
4 272 273 (-35.698242 36.394531 140.824219 ) (-38.574219 39.270508 156 ) (-33.676670 54.680061 156 ) (-24 69.947823 136.680847 ) 
4 273 274 (-33.680080 54.673717 156 ) (-28.390970 63.018867 145.439606 ) (-62.329678 29.080254 145.439850 ) (-53.984375 34.369141 156 ) 
4 275 276 (-32 12 184 ) (-32 12 112 ) (-32 8 112 ) (-32 8 184 ) 
4 275 277 (-32 12 32 ) (-32 12 0 ) (-32 8 0 ) (-32 8 32 ) 
4 276 278 (-224 12 184 ) (-224 12 112 ) (-224 8 112 ) (-224 8 184 ) 
4 277 278 (-224 12 32 ) (-224 12 0 ) (-224 8 0 ) (-224 8 32 ) 
4 278 279 (-448 8 0 ) (-320 8 0 ) (-320 8 128 ) (-448 8 128 ) 
4 279 341 (-448 0 0 ) (-320 0 0 ) (-320 0 128 ) (-448 0 128 ) 
4 280 281 (-512 256 184 ) (-512 368 184 ) (-512 368 8 ) (-512 256 8 ) 
4 281 292 (-512 768 0 ) (-512 240 0 ) (-544 240 0 ) (-544 768 0 ) 
4 281 285 (-544 1024 0 ) (-512 1024 0 ) (-512 768 0 ) (-544 768 0 ) 
4 281 282 (-544 240 192 ) (-544 240 32 ) (-512 240 32 ) (-512 240 192 ) 
4 281 284 (-544 1024 0 ) (-544 240 0 ) (-544 240 192 ) (-544 1024 192 ) 
4 282 284 (-544 208 32 ) (-544 208 192 ) (-544 240 192 ) (-544 240 32 ) 
4 282 283 (-544 208 192 ) (-544 208 32 ) (-512 208 32 ) (-512 208 192 ) 
4 283 352 (-544 0 128 ) (-544 0 0 ) (-512 0 0 ) (-512 0 128 ) 
4 283 340 (-512 0 192 ) (-544 0 192 ) (-544 0 128 ) (-512 0 128 ) 
4 283 293 (-512 208 0 ) (-512 0 0 ) (-544 0 0 ) (-544 208 0 ) 
4 283 284 (-544 208 0 ) (-544 0 0 ) (-544 0 192 ) (-544 208 192 ) 
4 284 354 (-1024 0 128 ) (-1024 0 0 ) (-544 0 0 ) (-544 0 128 ) 
4 284 340 (-544 0 192 ) (-1024 0 192 ) (-1024 0 128 ) (-544 0 128 ) 
4 284 305 (-1024 0 0 ) (-1024 0 192 ) (-1024 1024 192 ) (-1024 1024 0 ) 
4 284 298 (-1024 0 0 ) (-1024 768 0 ) (-768 768 0 ) (-768 0 0 ) 
4 284 294 (-768 768 0 ) (-544 768 0 ) (-544 0 0 ) (-768 0 0 ) 
4 284 285 (-1024 768 0 ) (-1024 1024 0 ) (-544 1024 0 ) (-544 768 0 ) 
4 285 305 (-1024 768 -24 ) (-1024 768 0 ) (-1024 1024 0 ) (-1024 1024 -24 ) 
4 285 298 (-768 768 0 ) (-1024 768 0 ) (-1024 768 -24 ) (-768 768 -24 ) 
4 285 292 (-512 768 0 ) (-544 768 0 ) (-544 768 -24 ) (-512 768 -24 ) 
4 285 294 (-544 768 0 ) (-768 768 0 ) (-768 768 -24 ) (-544 768 -24 ) 
4 285 288 (0 768 -24 ) (0 768 0 ) (-512 768 0 ) (-512 768 -24 ) 
4 285 286 (-64 768 -24 ) (-1024 768 -24 ) (-1024 1024 -24 ) (-64 1024 -24 ) 
4 286 305 (-1024 768 -32 ) (-1024 768 -24 ) (-1024 1024 -24 ) (-1024 1024 -32 ) 
4 286 298 (-768 768 -24 ) (-1024 768 -24 ) (-1024 768 -32 ) (-768 768 -32 ) 
4 286 295 (-512 768 -24 ) (-768 768 -24 ) (-768 768 -32 ) (-512 768 -32 ) 
4 287 307 (-1024 768 -512 ) (-1024 768 -48 ) (-1024 1024 -48 ) (-1024 1024 -512 ) 
4 287 299 (-768 768 -48 ) (-1024 768 -48 ) (-1024 768 -512 ) (-768 768 -512 ) 
4 287 297 (-512 768 -48 ) (-768 768 -48 ) (-768 768 -512 ) (-512 768 -512 ) 
4 287 291 (0 768 -512 ) (0 768 -48 ) (-512 768 -48 ) (-512 768 -512 ) 
4 288 292 (-512 768 0 ) (-512 768 -24 ) (-512 512 -24 ) (-512 512 0 ) 
4 288 289 (-512 512 0 ) (-512 512 -24 ) (-384 512 -24 ) (-384 512 0 ) 
4 289 292 (-512 384 -24 ) (-512 384 0 ) (-512 512 0 ) (-512 512 -24 ) 
4 290 372 (0 0 -40 ) (0 0 -32 ) (-512 0 -32 ) (-512 0 -40 ) 
5 290 291 (-512 0 -40 ) (-512 384 -40 ) (-384 512 -40 ) (0 512 -40 ) (0 0 -40 ) 
4 291 373 (0 0 -512 ) (0 0 -40 ) (-512 0 -40 ) (-512 0 -512 ) 
4 291 297 (-512 768 -48 ) (-512 768 -512 ) (-512 0 -512 ) (-512 0 -48 ) 
4 291 296 (-512 512 -48 ) (-512 0 -48 ) (-512 0 -40 ) (-512 512 -40 ) 
3 292 295 (-544 768 -24 ) (-512 768 -24 ) (-544 736 -24 ) 
4 292 294 (-544 768 0 ) (-544 768 -24 ) (-544 240 -24 ) (-544 240 0 ) 
4 293 363 (-512 0 -24 ) (-512 0 0 ) (-544 0 0 ) (-544 0 -24 ) 
4 293 294 (-544 208 -24 ) (-544 0 -24 ) (-544 0 0 ) (-544 208 0 ) 
4 294 365 (-544 0 0 ) (-768 0 0 ) (-768 0 -24 ) (-544 0 -24 ) 
4 294 298 (-768 768 0 ) (-768 768 -24 ) (-768 0 -24 ) (-768 0 0 ) 
4 294 295 (-768 512 -24 ) (-768 768 -24 ) (-544 768 -24 ) (-544 736 -24 ) 
4 295 298 (-768 768 -24 ) (-768 768 -32 ) (-768 512 -32 ) (-768 512 -24 ) 
4 296 374 (-512 0 -48 ) (-512 0 -40 ) (-768 0 -40 ) (-768 0 -48 ) 
4 296 297 (-768 0 -48 ) (-768 512 -48 ) (-512 512 -48 ) (-512 0 -48 ) 
4 297 374 (-512 0 -512 ) (-512 0 -48 ) (-768 0 -48 ) (-768 0 -512 ) 
4 297 299 (-768 768 -48 ) (-768 768 -512 ) (-768 0 -512 ) (-768 0 -48 ) 
4 298 375 (-768 0 -32 ) (-768 0 -24 ) (-1024 0 -24 ) (-1024 0 -32 ) 
4 298 365 (-768 0 -24 ) (-768 0 0 ) (-1024 0 0 ) (-1024 0 -24 ) 
4 298 305 (-1024 0 -32 ) (-1024 0 0 ) (-1024 768 0 ) (-1024 768 -32 ) 
4 299 376 (-768 0 -512 ) (-768 0 -48 ) (-1024 0 -48 ) (-1024 0 -512 ) 
4 299 307 (-1024 0 -512 ) (-1024 0 -48 ) (-1024 768 -48 ) (-1024 768 -512 ) 
4 300 305 (-1024 1024 -32 ) (-1024 1024 1536 ) (-2048 1024 1536 ) (-2048 1024 -32 ) 
4 300 304 (-2048 2048 1536 ) (-2048 2048 -32 ) (-2048 1024 -32 ) (-2048 1024 1536 ) 
4 300 301 (-1280 2048 -32 ) (-1024 2048 -32 ) (-1024 1280 -32 ) (-1280 1280 -32 ) 
4 300 303 (-2048 1024 -32 ) (-2048 2048 -32 ) (-1280 2048 -32 ) (-1280 1024 -32 ) 
4 301 302 (-1280 1280 -48 ) (-1280 1280 -512 ) (-1024 1280 -512 ) (-1024 1280 -48 ) 
4 301 303 (-1280 2048 -512 ) (-1280 1280 -512 ) (-1280 1280 -32 ) (-1280 2048 -32 ) 
4 302 307 (-1024 1024 -512 ) (-1024 1024 -48 ) (-1280 1024 -48 ) (-1280 1024 -512 ) 
4 302 303 (-1280 1280 -512 ) (-1280 1024 -512 ) (-1280 1024 -48 ) (-1280 1280 -48 ) 
4 303 307 (-2048 1024 -48 ) (-2048 1024 -512 ) (-1280 1024 -512 ) (-1280 1024 -48 ) 
4 303 306 (-1280 1024 -32 ) (-2048 1024 -32 ) (-2048 1024 -48 ) (-1280 1024 -48 ) 
4 303 304 (-2048 2048 -32 ) (-2048 2048 -512 ) (-2048 1024 -512 ) (-2048 1024 -32 ) 
4 304 310 (-3072 1024 -512 ) (-3072 1024 1536 ) (-3072 2048 1536 ) (-3072 2048 -512 ) 
4 304 308 (-2048 1024 -512 ) (-2048 1024 1536 ) (-3072 1024 1536 ) (-3072 1024 -512 ) 
4 305 390 (-1024 0 -32 ) (-1024 0 1536 ) (-2048 0 1536 ) (-2048 0 -32 ) 
4 305 308 (-2048 1024 1536 ) (-2048 1024 -32 ) (-2048 0 -32 ) (-2048 0 1536 ) 
4 305 306 (-1280 0 -32 ) (-2048 0 -32 ) (-2048 1024 -32 ) (-1280 1024 -32 ) 
4 306 391 (-1280 0 -32 ) (-2048 0 -32 ) (-2048 0 -48 ) (-1280 0 -48 ) 
4 306 308 (-2048 1024 -32 ) (-2048 1024 -48 ) (-2048 0 -48 ) (-2048 0 -32 ) 
4 306 307 (-2048 1024 -48 ) (-1280 1024 -48 ) (-1280 0 -48 ) (-2048 0 -48 ) 
4 307 392 (-1024 0 -512 ) (-1024 0 -48 ) (-2048 0 -48 ) (-2048 0 -512 ) 
4 307 308 (-2048 1024 -48 ) (-2048 1024 -512 ) (-2048 0 -512 ) (-2048 0 -48 ) 
4 308 393 (-2048 0 -512 ) (-2048 0 1536 ) (-3072 0 1536 ) (-3072 0 -512 ) 
4 308 311 (-3072 0 -512 ) (-3072 0 1536 ) (-3072 1024 1536 ) (-3072 1024 -512 ) 
4 309 310 (-3072 2048 -512 ) (-3072 2048 1536 ) (-4096 2048 1536 ) (-4096 2048 -512 ) 
4 310 311 (-3072 1024 -512 ) (-3072 1024 1536 ) (-4096 1024 1536 ) (-4096 1024 -512 ) 
4 311 402 (-3072 0 -512 ) (-3072 0 1536 ) (-4096 0 1536 ) (-4096 0 -512 ) 
4 312 377 (0 -1024 192 ) (0 -1024 1536 ) (-8 -1024 1536 ) (-8 -1024 192 ) 
4 312 336 (0 -512 192 ) (0 -1024 192 ) (-8 -1024 192 ) (-8 -512 192 ) 
5 312 313 (-8 -512 192 ) (-8 -1024 192 ) (-8 -1024 1536 ) (-8 0 1536 ) (-8 0 362.666870 ) 
4 313 390 (-1024 0 1536 ) (-1024 0 192 ) (-1024 -1024 192 ) (-1024 -1024 1536 ) 
4 313 377 (-8 -1024 1536 ) (-1024 -1024 1536 ) (-1024 -1024 192 ) (-8 -1024 192 ) 
4 313 339 (-496 -512 192 ) (-496 -1024 192 ) (-512 -1024 192 ) (-512 -512 192 ) 
4 313 340 (-1024 -1024 192 ) (-1024 0 192 ) (-512 0 192 ) (-512 -1024 192 ) 
4 313 338 (-8 -512 192 ) (-8 -1024 192 ) (-496 -1024 192 ) (-496 -512 192 ) 
4 313 335 (-8 -184 192 ) (-8 -200 192 ) (-496 -200 192 ) (-496 -184 192 ) 
3 314 342 (-496 -184 128 ) (-496 -98.108727 128 ) (-347.201447 -184 128 ) 
3 314 333 (-435.493866 -170.502823 136.682663 ) (-490.922241 -138.504150 136.681915 ) (-470.942291 -167.887512 140.818100 ) 
4 314 332 (-459.986176 -184 143.086197 ) (-443.292328 -184 140.853287 ) (-435.493866 -170.502823 136.682663 ) (-470.942291 -167.887512 140.818100 ) 
4 314 331 (-496 -147.289673 139.396851 ) (-496 -184 147.903259 ) (-459.986176 -184 143.086197 ) (-490.922241 -138.504150 136.681915 ) 
4 314 317 (-433.561401 -167.158203 135.649185 ) (-419.258514 -142.403442 128 ) (-474.684357 -110.409485 128 ) (-488.988312 -135.158081 135.647903 ) 
3 314 316 (-443.292328 -184 140.853287 ) (-347.197327 -184 128 ) (-419.258514 -142.403442 128 ) 
3 314 315 (-496 -98.105255 128 ) (-496 -147.289673 139.396851 ) (-474.684357 -110.409485 128 ) 
4 315 342 (-496 -98.108727 128 ) (-496 -8 128 ) (-415.501953 -8 128 ) (-474.685791 -110.411964 128 ) 
4 315 331 (-496 -147.283234 139.392120 ) (-490.924652 -138.501892 136.678452 ) (-488.335541 -134.014435 156 ) (-496 -147.276993 156 ) 
4 315 320 (-483.816986 -126.188698 174.280701 ) (-482.782349 -124.395447 182.005981 ) (-485.746094 -129.526413 175.324081 ) (-485.747406 -129.528717 175.314194 ) 
4 315 319 (-482.782349 -124.395447 182.005981 ) (-482.515289 -123.932579 184 ) (-484.583527 -127.511436 184 ) (-485.746094 -129.526413 175.324081 ) 
4 315 318 (-484.583527 -127.511436 184 ) (-496 -147.266464 184 ) (-496 -147.276993 156 ) (-488.335541 -134.014435 156 ) 
5 315 317 (-488.991486 -135.157166 135.644836 ) (-474.693420 -110.418732 128 ) (-415.505371 -8 128 ) (-415.517578 -8 184 ) (-482.515289 -123.932579 184 ) 
5 316 342 (-341.608276 -8 128 ) (0 -8 128 ) (0 -184 128 ) (-347.201447 -184 128 ) (-419.259766 -142.405624 128 ) 
4 316 332 (-435.492828 -170.502197 136.685440 ) (-443.291656 -184 140.856216 ) (-443.293854 -184 156 ) (-432.906342 -166.020416 156 ) 
3 316 324 (-427.350800 -156.397980 182.008209 ) (-428.385681 -158.191147 174.282822 ) (-430.318146 -161.535751 175.317657 ) 
4 316 323 (-429.156708 -159.523285 184 ) (-427.083984 -155.935654 184 ) (-427.350800 -156.397980 182.008209 ) (-430.319946 -161.538879 175.313583 ) 
4 316 322 (-443.293854 -184 156 ) (-443.297882 -184 184 ) (-429.156708 -159.523285 184 ) (-432.906342 -166.020416 156 ) 
5 316 317 (-419.252228 -142.393784 128 ) (-433.560516 -167.157837 135.652039 ) (-427.083984 -155.935654 184 ) (-341.615601 -8 184 ) (-341.607544 -8 128 ) 
4 317 342 (-415.501953 -8 128 ) (-341.608276 -8 128 ) (-419.259766 -142.405624 128 ) (-474.685791 -110.411964 128 ) 
4 317 328 (-462.678284 -138.392792 174.281494 ) (-463.435852 -135.564896 182.006683 ) (-473.235962 -129.907211 182.006027 ) (-472.478088 -132.735153 174.281158 ) 
4 317 326 (-463.435852 -135.564896 182.006683 ) (-463.631317 -134.835220 184 ) (-473.431580 -129.177246 184 ) (-473.235962 -129.907211 182.006027 ) 
4 317 324 (-428.387115 -158.189758 174.282700 ) (-427.352112 -156.396393 182.009003 ) (-463.435852 -135.564896 182.006683 ) (-462.678284 -138.392792 174.281494 ) 
4 317 323 (-427.352112 -156.396393 182.009003 ) (-427.085388 -155.934265 184 ) (-463.631317 -134.835220 184 ) (-463.435852 -135.564896 182.006683 ) 
4 317 320 (-482.781250 -124.396576 182.005478 ) (-483.815704 -126.189690 174.280777 ) (-472.478088 -132.735153 174.281158 ) (-473.235962 -129.907211 182.006027 ) 
4 317 319 (-482.514160 -123.933594 184 ) (-482.781250 -124.396576 182.005478 ) (-473.235962 -129.907211 182.006027 ) (-473.431580 -129.177246 184 ) 
5 318 331 (-496 -147.284866 156 ) (-488.333191 -134.018097 156 ) (-460.470947 -177.540466 156 ) (-458.739899 -184 156 ) (-496 -184 156 ) 
5 318 327 (-458.739532 -184 156 ) (-460.470306 -177.541412 156 ) (-465.733643 -157.900894 181.860077 ) (-465.733643 -157.900894 184 ) (-458.739532 -184 184 ) 
3 318 321 (-474.313477 -155.915039 156 ) (-483.473572 -141.606461 156 ) (-481.778809 -138.679993 168.621933 ) 
5 318 319 (-466.171570 -156.268387 184 ) (-460.472656 -177.535156 156 ) (-474.313477 -155.915039 156 ) (-485.743286 -129.527237 175.324875 ) (-484.580780 -127.512230 184 ) 
4 319 333 (-464.793182 -161.411819 156 ) (-463.940613 -164.593185 156 ) (-468.905762 -164.364822 156 ) (-474.316162 -155.913467 156 ) 
3 319 332 (-463.940613 -164.593185 156 ) (-460.470947 -177.540466 156 ) (-468.905762 -164.364822 156 ) 
4 319 327 (-460.470306 -177.541412 156 ) (-464.792694 -161.412109 156 ) (-465.733643 -157.900894 158.898392 ) (-465.733643 -157.900894 181.860077 ) 
4 319 326 (-467.804596 -150.172897 165.277618 ) (-473.234802 -129.909653 182.004288 ) (-473.430603 -129.179031 184 ) (-467.804626 -150.172897 184 ) 
4 319 321 (-474.317993 -155.911804 156 ) (-481.783173 -138.677734 168.621063 ) (-468.890869 -146.121918 168.619186 ) (-464.793945 -161.410156 156 ) 
5 319 320 (-485.742798 -129.536606 175.315399 ) (-485.745300 -129.530823 175.319641 ) (-482.779877 -124.396820 182.004456 ) (-473.236328 -129.906250 182.003906 ) (-471.064911 -138.009155 175.315613 ) 
3 320 328 (-472.477142 -132.736938 174.281448 ) (-473.234802 -129.909653 182.004288 ) (-471.063538 -138.011963 175.316086 ) 
4 321 334 (-467.652863 -150.740845 156 ) (-465.825806 -157.558533 156 ) (-477.622864 -150.748215 156 ) (-483.476227 -141.604935 156 ) 
4 321 333 (-465.825806 -157.558533 156 ) (-464.793182 -161.411819 156 ) (-474.316162 -155.913467 156 ) (-477.622864 -150.748215 156 ) 
3 321 330 (-464.792694 -161.412109 156 ) (-465.733643 -157.900894 156 ) (-465.733643 -157.900894 158.898392 ) 
3 321 329 (-467.804596 -150.172897 157.552551 ) (-468.890381 -146.121323 168.622070 ) (-467.804626 -150.172897 165.277618 ) 
4 322 332 (-432.898346 -166.020782 156 ) (-443.285645 -184 156 ) (-450.460449 -184 156 ) (-455.556091 -164.978790 156 ) 
3 322 330 (-455.555603 -164.978806 156 ) (-454.995758 -167.068588 156 ) (-455.694763 -164.459320 158.154007 ) 
5 322 327 (-454.995758 -167.068588 156 ) (-450.459961 -184 156 ) (-450.459961 -184 184 ) (-457.364594 -158.226028 184 ) (-455.694763 -164.459320 158.154007 ) 
4 322 325 (-441.903809 -165.607468 156 ) (-455.557129 -164.979492 156 ) (-455.696167 -164.460464 158.152115 ) (-440.212677 -162.678711 168.622467 ) 
4 322 323 (-429.158203 -159.524414 184 ) (-430.321655 -161.540512 175.311050 ) (-455.696167 -164.460464 158.152115 ) (-457.366150 -158.226715 184 ) 
4 323 327 (-458.006531 -155.829865 165.277817 ) (-455.694763 -164.459320 158.154007 ) (-457.364594 -158.226028 184 ) (-458.006500 -155.829865 184 ) 
4 323 326 (-463.630646 -134.835770 184 ) (-463.435150 -135.565567 182.006439 ) (-460.076508 -148.102875 171.656616 ) (-460.076508 -148.102859 184 ) 
3 323 325 (-440.213257 -162.678619 168.621719 ) (-455.695313 -164.460449 158.152344 ) (-459.092804 -151.778183 168.621811 ) 
4 323 324 (-461.265289 -143.668640 175.316406 ) (-463.436279 -135.564697 182.006378 ) (-427.351196 -156.397644 182.007584 ) (-430.318329 -161.535110 175.317535 ) 
3 324 328 (-463.435150 -135.565567 182.006439 ) (-462.677582 -138.393463 174.281570 ) (-461.264191 -143.669495 175.316467 ) 
4 325 334 (-441.905365 -165.606567 156 ) (-452.748535 -165.107910 156 ) (-456.028809 -163.214249 156 ) (-457.854858 -156.397873 156 ) 
3 325 333 (-452.748535 -165.107910 156 ) (-455.556091 -164.978790 156 ) (-456.028809 -163.214249 156 ) 
5 325 330 (-457.854279 -156.398193 156 ) (-455.555603 -164.978806 156 ) (-455.694763 -164.459320 158.154007 ) (-458.006531 -155.829865 165.277802 ) (-458.006531 -155.829865 157.552841 ) 
3 326 329 (-467.805237 -150.173080 165.272629 ) (-468.890533 -146.123184 168.615677 ) (-463.753967 -149.087921 168.618729 ) 
4 326 328 (-471.065521 -138.007141 175.315216 ) (-473.235687 -129.909012 182 ) (-463.437500 -135.562500 182.007813 ) (-461.266144 -143.668015 175.316376 ) 
3 327 333 (-463.940613 -164.593185 156 ) (-464.793182 -161.411819 156 ) (-458.880066 -164.825912 156 ) 
6 327 332 (-454.996338 -167.068283 156 ) (-450.460449 -184 156 ) (-456.335663 -184 156 ) (-460.470947 -177.540451 156 ) (-463.940613 -164.593185 156 ) (-458.880066 -164.825912 156 ) 
3 327 331 (-456.335663 -184 156 ) (-458.739899 -184 156 ) (-460.470947 -177.540451 156 ) 
4 327 330 (-464.794922 -161.406250 156 ) (-465.734253 -157.901062 158.893433 ) (-458.008057 -155.830276 165.275909 ) (-454.998047 -167.066406 156 ) 
4 330 334 (-457.854858 -156.397888 156 ) (-456.028809 -163.214233 156 ) (-465.391541 -157.809204 156 ) (-458.574860 -155.982193 156 ) 
6 330 333 (-456.028809 -163.214233 156 ) (-455.556091 -164.978775 156 ) (-458.880066 -164.825912 156 ) (-464.793182 -161.411819 156 ) (-465.734039 -157.901001 156 ) (-465.391541 -157.809204 156 ) 
3 330 332 (-455.556091 -164.978775 156 ) (-454.996338 -167.068283 156 ) (-458.880066 -164.825912 156 ) 
3 331 334 (-483.476105 -141.605011 156 ) (-477.622772 -150.748260 156 ) (-484.893860 -144.053833 145.439041 ) 
4 331 333 (-490.921875 -138.503906 136.683594 ) (-477.622772 -150.748260 156 ) (-468.905670 -164.364838 156 ) (-470.942139 -167.887375 140.818695 ) 
4 331 332 (-468.905670 -164.364838 156 ) (-456.335571 -184 156 ) (-459.986115 -184 143.086197 ) (-470.942139 -167.887375 140.818695 ) 
3 332 334 (-452.745758 -165.109512 156 ) (-441.902557 -165.608185 156 ) (-443.316650 -168.057617 145.443848 ) 
5 332 333 (-470.945313 -167.889648 140.816406 ) (-468.908203 -164.366211 156 ) (-452.745758 -165.109512 156 ) (-435.494171 -170.503403 136.686371 ) (-435.494690 -170.504288 136.682541 ) 
4 333 334 (-452.752869 -165.107803 156 ) (-443.319855 -168.057144 145.439453 ) (-484.898804 -144.053894 145.429611 ) (-477.621094 -150.753906 156 ) 
4 336 377 (0 -1024 128 ) (0 -1024 192 ) (-8 -1024 192 ) (-8 -1024 128 ) 
4 336 358 (0 -1024 128 ) (-8 -1024 128 ) (-8 -512 128 ) (0 -512 128 ) 
4 336 338 (-8 -512 128 ) (-8 -1024 128 ) (-8 -1024 192 ) (-8 -512 192 ) 
4 337 349 (-448 -316 128 ) (-256 -316 128 ) (-256 -324 128 ) (-448 -324 128 ) 
4 337 350 (-256 -324 128 ) (-256 -496 128 ) (-448 -496 128 ) (-448 -324 128 ) 
4 337 351 (-496 -496 128 ) (-496 -316 128 ) (-448 -316 128 ) (-448 -496 128 ) 
4 337 347 (-256 -288 128 ) (-256 -316 128 ) (-448 -316 128 ) (-448 -288 128 ) 
4 337 346 (-448 -200 128 ) (-256 -200 128 ) (-256 -288 128 ) (-448 -288 128 ) 
4 337 348 (-496 -316 128 ) (-496 -200 128 ) (-448 -200 128 ) (-448 -316 128 ) 
4 337 345 (-256 -200 128 ) (-8 -200 128 ) (-8 -496 128 ) (-256 -496 128 ) 
4 338 377 (-8 -1024 192 ) (-496 -1024 192 ) (-496 -1024 128 ) (-8 -1024 128 ) 
4 338 360 (-256 -928 128 ) (-256 -800 128 ) (-128 -800 128 ) (-128 -928 128 ) 
4 338 359 (-256 -800 128 ) (-256 -512 128 ) (-128 -512 128 ) (-128 -800 128 ) 
4 338 361 (-128 -1024 128 ) (-256 -1024 128 ) (-256 -928 128 ) (-128 -928 128 ) 
4 338 358 (-8 -1024 128 ) (-128 -1024 128 ) (-128 -512 128 ) (-8 -512 128 ) 
4 338 362 (-256 -1024 128 ) (-496 -1024 128 ) (-496 -512 128 ) (-256 -512 128 ) 
4 338 339 (-496 -512 128 ) (-496 -1024 128 ) (-496 -1024 192 ) (-496 -512 192 ) 
4 339 377 (-496 -1024 192 ) (-512 -1024 192 ) (-512 -1024 128 ) (-496 -1024 128 ) 
4 339 362 (-496 -1024 128 ) (-512 -1024 128 ) (-512 -512 128 ) (-496 -512 128 ) 
4 339 340 (-512 -512 128 ) (-512 -1024 128 ) (-512 -1024 192 ) (-512 -512 192 ) 
4 340 390 (-1024 0 192 ) (-1024 0 128 ) (-1024 -1024 128 ) (-1024 -1024 192 ) 
4 340 377 (-512 -1024 192 ) (-1024 -1024 192 ) (-1024 -1024 128 ) (-512 -1024 128 ) 
4 340 362 (-512 -1024 128 ) (-1024 -1024 128 ) (-1024 -512 128 ) (-512 -512 128 ) 
4 340 357 (-1024 -512 128 ) (-1024 -496 128 ) (-512 -496 128 ) (-512 -512 128 ) 
4 340 353 (-512 -464 128 ) (-512 -496 128 ) (-544 -496 128 ) (-544 -464 128 ) 
4 340 352 (-544 0 128 ) (-512 0 128 ) (-512 -464 128 ) (-544 -464 128 ) 
4 340 354 (-1024 -496 128 ) (-1024 0 128 ) (-544 0 128 ) (-544 -496 128 ) 
4 341 342 (-448 -8 0 ) (-320 -8 0 ) (-320 -8 128 ) (-448 -8 128 ) 
4 342 343 (-160 -184 0 ) (-96 -184 0 ) (-96 -184 112 ) (-160 -184 112 ) 
4 343 345 (-160 -200 0 ) (-96 -200 0 ) (-96 -200 112 ) (-160 -200 112 ) 
4 344 345 (-8 -320 0 ) (-8 -448 0 ) (-8 -448 128 ) (-8 -320 128 ) 
4 345 355 (-248 -496 0 ) (-128 -496 0 ) (-128 -496 128 ) (-248 -496 128 ) 
4 345 349 (-256 -324 48 ) (-256 -324 128 ) (-256 -316 128 ) (-256 -316 52 ) 
4 345 350 (-256 -324 0 ) (-256 -496 0 ) (-256 -496 128 ) (-256 -324 128 ) 
4 345 347 (-256 -316 44 ) (-256 -316 128 ) (-256 -288 128 ) (-256 -288 36 ) 
4 345 346 (-256 -200 128 ) (-256 -200 0 ) (-256 -288 0 ) (-256 -288 128 ) 
4 346 347 (-448 -288 128 ) (-448 -288 36 ) (-256 -288 36 ) (-256 -288 128 ) 
4 346 348 (-448 -200 128 ) (-448 -200 0 ) (-448 -288 0 ) (-448 -288 128 ) 
4 347 349 (-256 -316 52 ) (-256 -316 128 ) (-448 -316 128 ) (-448 -316 52 ) 
4 347 348 (-448 -316 44 ) (-448 -316 128 ) (-448 -288 128 ) (-448 -288 36 ) 
4 348 351 (-496 -316 128 ) (-496 -316 0 ) (-448 -316 0 ) (-448 -316 128 ) 
4 349 350 (-448 -324 128 ) (-448 -324 48 ) (-256 -324 48 ) (-256 -324 128 ) 
4 349 351 (-448 -316 128 ) (-448 -316 52 ) (-448 -324 48 ) (-448 -324 128 ) 
4 350 356 (-384 -496 0 ) (-264 -496 0 ) (-264 -496 128 ) (-384 -496 128 ) 
4 350 351 (-448 -324 0 ) (-448 -496 0 ) (-448 -496 128 ) (-448 -324 128 ) 
4 352 363 (-544 0 0 ) (-512 0 0 ) (-512 -464 0 ) (-544 -464 0 ) 
4 352 353 (-544 -464 128 ) (-544 -464 32 ) (-512 -464 32 ) (-512 -464 128 ) 
4 352 354 (-544 0 0 ) (-544 -464 0 ) (-544 -464 128 ) (-544 0 128 ) 
4 353 357 (-512 -496 32 ) (-512 -496 128 ) (-544 -496 128 ) (-544 -496 32 ) 
4 353 354 (-544 -496 32 ) (-544 -496 128 ) (-544 -464 128 ) (-544 -464 32 ) 
4 354 390 (-1024 0 128 ) (-1024 0 0 ) (-1024 -496 0 ) (-1024 -496 128 ) 
4 354 365 (-1024 -496 0 ) (-1024 0 0 ) (-544 0 0 ) (-544 -496 0 ) 
4 354 357 (-1024 -496 0 ) (-544 -496 0 ) (-544 -496 128 ) (-1024 -496 128 ) 
4 355 359 (-248 -512 0 ) (-128 -512 0 ) (-128 -512 128 ) (-248 -512 128 ) 
4 356 362 (-384 -512 0 ) (-264 -512 0 ) (-264 -512 128 ) (-384 -512 128 ) 
4 357 390 (-1024 -496 0 ) (-1024 -512 0 ) (-1024 -512 128 ) (-1024 -496 128 ) 
4 357 364 (-544 -496 0 ) (-512 -496 0 ) (-512 -512 0 ) (-544 -512 0 ) 
4 357 365 (-1024 -512 0 ) (-1024 -496 0 ) (-544 -496 0 ) (-544 -512 0 ) 
4 357 362 (-1024 -512 0 ) (-512 -512 0 ) (-512 -512 128 ) (-1024 -512 128 ) 
4 358 378 (0 -1024 0 ) (0 -1024 64 ) (-128 -1024 64 ) (-128 -1024 0 ) 
4 358 377 (0 -1024 64 ) (0 -1024 128 ) (-128 -1024 128 ) (-128 -1024 64 ) 
4 358 370 (-112.003906 -512 0 ) (0 -512 0 ) (0 -640 0 ) (-112.003906 -640 0 ) 
4 358 366 (0 -640 0 ) (0 -1024 0 ) (-128 -1024 0 ) (-128 -640 0 ) 
4 358 360 (-128 -928 64 ) (-128 -928 128 ) (-128 -800 128 ) (-128 -800 64 ) 
4 358 359 (-128 -512 128 ) (-128 -512 0 ) (-128 -800 0 ) (-128 -800 128 ) 
4 358 361 (-128 -928 0 ) (-128 -1024 0 ) (-128 -1024 128 ) (-128 -928 128 ) 
4 359 367 (-128 -640 0 ) (-128 -800 0 ) (-256 -800 0 ) (-256 -640 0 ) 
4 359 360 (-256 -800 128 ) (-256 -800 64 ) (-128 -800 64 ) (-128 -800 128 ) 
4 359 362 (-256 -512 128 ) (-256 -512 0 ) (-256 -800 0 ) (-256 -800 128 ) 
4 360 362 (-256 -928 64 ) (-256 -928 128 ) (-256 -800 128 ) (-256 -800 64 ) 
4 360 361 (-256 -928 128 ) (-256 -928 64 ) (-128 -928 64 ) (-128 -928 128 ) 
4 361 378 (-256 -1024 64 ) (-256 -1024 0 ) (-128 -1024 0 ) (-128 -1024 64 ) 
4 361 377 (-128 -1024 128 ) (-256 -1024 128 ) (-256 -1024 64 ) (-128 -1024 64 ) 
4 361 368 (-128 -928 0 ) (-128 -1024 0 ) (-256 -1024 0 ) (-256 -928 0 ) 
4 361 362 (-256 -928 0 ) (-256 -1024 0 ) (-256 -1024 128 ) (-256 -928 128 ) 
4 362 390 (-1024 -512 0 ) (-1024 -1024 0 ) (-1024 -1024 128 ) (-1024 -512 128 ) 
4 362 379 (-648 -1024 0 ) (-632 -1024 0 ) (-632 -1024 64 ) (-648 -1024 64 ) 
4 362 378 (-632 -1024 0 ) (-256 -1024 0 ) (-256 -1024 64 ) (-632 -1024 64 ) 
4 362 381 (-1024 -1024 64 ) (-1024 -1024 0 ) (-648 -1024 0 ) (-648 -1024 64 ) 
4 362 377 (-256 -1024 128 ) (-1024 -1024 128 ) (-1024 -1024 64 ) (-256 -1024 64 ) 
4 362 371 (-1024 -640 0 ) (-1024 -512 0 ) (-400.011475 -512 0 ) (-400.011475 -640 0 ) 
4 362 369 (-1024 -1024 0 ) (-1024 -640 0 ) (-256 -640 0 ) (-256 -1024 0 ) 
4 363 365 (-544 0 -24 ) (-544 -464 -24 ) (-544 -464 0 ) (-544 0 0 ) 
4 364 371 (-544 -512 -24 ) (-512 -512 -24 ) (-512 -512 0 ) (-544 -512 0 ) 
4 364 365 (-544 -496 -24 ) (-544 -512 -24 ) (-544 -512 0 ) (-544 -496 0 ) 
4 365 390 (-1024 0 0 ) (-1024 0 -24 ) (-1024 -512 -24 ) (-1024 -512 0 ) 
4 365 375 (-1024 -512 -24 ) (-1024 0 -24 ) (-768 0 -24 ) (-768 -512 -24 ) 
4 365 371 (-1024 -512 -24 ) (-544 -512 -24 ) (-544 -512 0 ) (-1024 -512 0 ) 
4 366 378 (0 -1024 -24 ) (0 -1024 0 ) (-128 -1024 0 ) (-128 -1024 -24 ) 
4 366 370 (0 -719.995483 -24 ) (-32.003910 -719.995483 -24 ) (-112.003906 -639.995239 0 ) (0 -639.995239 0 ) 
4 366 367 (-128 -640.001343 0 ) (-128 -720.001343 -24 ) (-128 -800 -24 ) (-128 -800 0 ) 
4 366 368 (-128 -928 -24 ) (-128 -1024 -24 ) (-128 -1024 0 ) (-128 -928 0 ) 
4 367 369 (-256 -640.001343 0 ) (-256 -720.001343 -24 ) (-256 -800 -24 ) (-256 -800 0 ) 
4 368 378 (-128 -1024 0 ) (-256 -1024 0 ) (-256 -1024 -24 ) (-128 -1024 -24 ) 
4 368 369 (-256 -928 -24 ) (-256 -1024 -24 ) (-256 -1024 0 ) (-256 -928 0 ) 
4 369 390 (-1024 -720 -24 ) (-1024 -1024 -24 ) (-1024 -1024 0 ) (-1024 -640 0 ) 
4 369 379 (-632 -1024 0 ) (-648 -1024 0 ) (-648 -1024 -24 ) (-632 -1024 -24 ) 
4 369 378 (-256 -1024 0 ) (-632 -1024 0 ) (-632 -1024 -24 ) (-256 -1024 -24 ) 
4 369 381 (-648 -1024 0 ) (-1024 -1024 0 ) (-1024 -1024 -24 ) (-648 -1024 -24 ) 
4 369 375 (-768 -1024 -24 ) (-1024 -1024 -24 ) (-1024 -720 -24 ) (-768 -720 -24 ) 
4 369 371 (-480.011719 -719.995483 -24 ) (-1024 -719.995483 -24 ) (-1024 -639.995239 0 ) (-400.011475 -639.995239 0 ) 
4 371 390 (-1024 -512 -24 ) (-1024 -720 -24 ) (-1024 -640 0 ) (-1024 -512 0 ) 
4 371 375 (-1024 -720 -24 ) (-1024 -512 -24 ) (-768 -512 -24 ) (-768 -720 -24 ) 
4 372 373 (-512 -512 -40 ) (-512 0 -40 ) (0 0 -40 ) (0 -512 -40 ) 
4 373 383 (0 -1024 -512 ) (0 -1024 -56 ) (-512 -1024 -56 ) (-512 -1024 -512 ) 
4 373 374 (-512 -1024 -512 ) (-512 -1024 -40 ) (-512 0 -40 ) (-512 0 -512 ) 
4 374 384 (-512 -1024 -512 ) (-512 -1024 -40 ) (-768 -1024 -40 ) (-768 -1024 -512 ) 
4 374 376 (-768 0 -48 ) (-768 0 -512 ) (-768 -1024 -512 ) (-768 -1024 -48 ) 
4 375 390 (-1024 0 -24 ) (-1024 0 -32 ) (-1024 -1024 -32 ) (-1024 -1024 -24 ) 
4 375 385 (-768 -1024 -32 ) (-768 -1024 -24 ) (-1024 -1024 -24 ) (-1024 -1024 -32 ) 
4 376 392 (-1024 0 -48 ) (-1024 0 -512 ) (-1024 -1024 -512 ) (-1024 -1024 -48 ) 
4 376 386 (-768 -1024 -512 ) (-768 -1024 -48 ) (-1024 -1024 -48 ) (-1024 -1024 -512 ) 
4 377 394 (-1024 -1280 64 ) (-1024 -1280 1536 ) (-1024 -1024 1536 ) (-1024 -1024 64 ) 
4 377 387 (-1024 -1280 1536 ) (-1024 -1280 64 ) (0 -1280 64 ) (0 -1280 1536 ) 
4 377 379 (-648 -1088 64 ) (-648 -1024 64 ) (-632 -1024 64 ) (-632 -1088 64 ) 
4 377 380 (-632 -1280 64 ) (-648 -1280 64 ) (-648 -1216 64 ) (-632 -1216 64 ) 
4 377 378 (0 -1280 64 ) (-632 -1280 64 ) (-632 -1024 64 ) (0 -1024 64 ) 
4 377 381 (-648 -1280 64 ) (-1024 -1280 64 ) (-1024 -1024 64 ) (-648 -1024 64 ) 
4 378 387 (-632 -1280 -24 ) (0 -1280 -24 ) (0 -1280 64 ) (-632 -1280 64 ) 
4 378 382 (0 -1280 -24 ) (-512 -1280 -24 ) (-512 -1024 -24 ) (0 -1024 -24 ) 
4 378 379 (-632 -1024 -24 ) (-632 -1088 -24 ) (-632 -1088 64 ) (-632 -1024 64 ) 
4 378 380 (-632 -1216 -24 ) (-632 -1280 -24 ) (-632 -1280 64 ) (-632 -1216 64 ) 
4 379 381 (-648 -1024 -24 ) (-648 -1088 -24 ) (-648 -1088 64 ) (-648 -1024 64 ) 
4 380 387 (-648 -1280 -24 ) (-632 -1280 -24 ) (-632 -1280 64 ) (-648 -1280 64 ) 
4 380 381 (-648 -1216 -24 ) (-648 -1280 -24 ) (-648 -1280 64 ) (-648 -1216 64 ) 
4 381 394 (-1024 -1280 -24 ) (-1024 -1280 64 ) (-1024 -1024 64 ) (-1024 -1024 -24 ) 
4 381 387 (-1024 -1280 64 ) (-1024 -1280 -24 ) (-648 -1280 -24 ) (-648 -1280 64 ) 
4 381 385 (-768 -1280 -24 ) (-1024 -1280 -24 ) (-1024 -1024 -24 ) (-768 -1024 -24 ) 
4 382 387 (0 -1280 -40 ) (0 -1280 -24 ) (-512 -1280 -24 ) (-512 -1280 -40 ) 
4 383 389 (0 -1280 -512 ) (0 -1280 -56 ) (-512 -1280 -56 ) (-512 -1280 -512 ) 
4 383 384 (-512 -1280 -512 ) (-512 -1280 -56 ) (-512 -1024 -56 ) (-512 -1024 -512 ) 
4 384 389 (-512 -1280 -512 ) (-512 -1280 -56 ) (-768 -1280 -56 ) (-768 -1280 -512 ) 
4 384 386 (-768 -1280 -512 ) (-768 -1280 -48 ) (-768 -1024 -48 ) (-768 -1024 -512 ) 
4 385 394 (-1024 -1280 -32 ) (-1024 -1280 -24 ) (-1024 -1024 -24 ) (-1024 -1024 -32 ) 
4 385 387 (-1024 -1280 -24 ) (-1024 -1280 -32 ) (-768 -1280 -32 ) (-768 -1280 -24 ) 
4 386 397 (-1024 -1280 -512 ) (-1024 -1280 -48 ) (-1024 -1024 -48 ) (-1024 -1024 -512 ) 
4 386 389 (-1024 -1280 -56 ) (-1024 -1280 -512 ) (-768 -1280 -512 ) (-768 -1280 -56 ) 
4 387 399 (0 -2048 -40 ) (0 -2048 1536 ) (-1024 -2048 1536 ) (-1024 -2048 -40 ) 
4 387 395 (-1024 -2048 -40 ) (-1024 -2048 1536 ) (-1024 -1280 1536 ) (-1024 -1280 -40 ) 
4 387 388 (-1024 -2048 -40 ) (-1024 -1792 -40 ) (0 -1792 -40 ) (0 -2048 -40 ) 
4 388 399 (0 -2048 -56 ) (0 -2048 -40 ) (-1024 -2048 -40 ) (-1024 -2048 -56 ) 
4 388 397 (-1024 -2048 -56 ) (-1024 -2048 -48 ) (-1024 -1792 -48 ) (-1024 -1792 -56 ) 
4 388 395 (-1024 -2048 -48 ) (-1024 -2048 -40 ) (-1024 -1792 -40 ) (-1024 -1792 -48 ) 
4 388 389 (0 -2048 -56 ) (-1024 -2048 -56 ) (-1024 -1792 -56 ) (0 -1792 -56 ) 
4 389 399 (0 -2048 -512 ) (0 -2048 -56 ) (-1024 -2048 -56 ) (-1024 -2048 -512 ) 
4 389 397 (-1024 -2048 -512 ) (-1024 -2048 -56 ) (-1024 -1280 -56 ) (-1024 -1280 -512 ) 
4 390 394 (-1024 -1024 -32 ) (-1024 -1024 1536 ) (-1280 -1024 1536 ) (-1280 -1024 -32 ) 
4 390 396 (-1280 -1024 1536 ) (-2048 -1024 1536 ) (-2048 -1024 -32 ) (-1280 -1024 -32 ) 
4 390 393 (-2048 0 1536 ) (-2048 0 -32 ) (-2048 -1024 -32 ) (-2048 -1024 1536 ) 
4 390 391 (-2048 -1024 -32 ) (-2048 0 -32 ) (-1280 0 -32 ) (-1280 -1024 -32 ) 
4 391 396 (-1280 -1024 -32 ) (-2048 -1024 -32 ) (-2048 -1024 -48 ) (-1280 -1024 -48 ) 
4 391 393 (-2048 0 -32 ) (-2048 0 -48 ) (-2048 -1024 -48 ) (-2048 -1024 -32 ) 
4 391 392 (-1280 -1024 -48 ) (-2048 -1024 -48 ) (-2048 0 -48 ) (-1280 0 -48 ) 
4 392 397 (-1024 -1024 -512 ) (-1024 -1024 -48 ) (-2048 -1024 -48 ) (-2048 -1024 -512 ) 
4 392 393 (-2048 0 -48 ) (-2048 0 -512 ) (-2048 -1024 -512 ) (-2048 -1024 -48 ) 
4 393 402 (-3072 0 1536 ) (-3072 0 -512 ) (-3072 -1024 -512 ) (-3072 -1024 1536 ) 
4 393 398 (-2048 -1024 -512 ) (-2048 -1024 1536 ) (-3072 -1024 1536 ) (-3072 -1024 -512 ) 
4 394 395 (-1280 -1280 1536 ) (-1280 -1280 -32 ) (-1024 -1280 -32 ) (-1024 -1280 1536 ) 
4 394 396 (-1280 -1280 -32 ) (-1280 -1280 1536 ) (-1280 -1024 1536 ) (-1280 -1024 -32 ) 
4 395 400 (-1024 -2048 -48 ) (-1024 -2048 1536 ) (-1280 -2048 1536 ) (-1280 -2048 -48 ) 
4 395 397 (-1024 -1280 -48 ) (-1024 -2048 -48 ) (-1280 -2048 -48 ) (-1280 -1280 -48 ) 
4 395 396 (-1280 -1280 -48 ) (-1280 -2048 -48 ) (-1280 -2048 1536 ) (-1280 -1280 1536 ) 
4 396 400 (-1280 -2048 1536 ) (-2048 -2048 1536 ) (-2048 -2048 -48 ) (-1280 -2048 -48 ) 
4 396 398 (-2048 -1024 1536 ) (-2048 -1024 -48 ) (-2048 -2048 -48 ) (-2048 -2048 1536 ) 
4 396 397 (-2048 -1024 -48 ) (-1280 -1024 -48 ) (-1280 -2048 -48 ) (-2048 -2048 -48 ) 
4 397 400 (-1024 -2048 -512 ) (-1024 -2048 -48 ) (-2048 -2048 -48 ) (-2048 -2048 -512 ) 
4 397 398 (-2048 -1024 -48 ) (-2048 -1024 -512 ) (-2048 -2048 -512 ) (-2048 -2048 -48 ) 
4 398 403 (-3072 -2048 -512 ) (-3072 -2048 1536 ) (-3072 -1024 1536 ) (-3072 -1024 -512 ) 
4 398 401 (-2048 -2048 -512 ) (-2048 -2048 1536 ) (-3072 -2048 1536 ) (-3072 -2048 -512 ) 
4 399 400 (-1024 -3072 -512 ) (-1024 -3072 1536 ) (-1024 -2048 1536 ) (-1024 -2048 -512 ) 
4 400 401 (-2048 -2048 1536 ) (-2048 -2048 -512 ) (-2048 -3072 -512 ) (-2048 -3072 1536 ) 
4 401 404 (-3072 -3072 -512 ) (-3072 -3072 1536 ) (-3072 -2048 1536 ) (-3072 -2048 -512 ) 
4 402 403 (-3072 -1024 -512 ) (-3072 -1024 1536 ) (-4096 -1024 1536 ) (-4096 -1024 -512 ) 
4 403 404 (-3072 -2048 -512 ) (-3072 -2048 1536 ) (-4096 -2048 1536 ) (-4096 -2048 -512 ) 
